[debug] [2023-03-16T16:52:29.866Z] ----------------------------------------------------------------------
[debug] [2023-03-16T16:52:29.867Z] Command:       /Users/georgi.nedkov/.nvm/versions/node/v18.2.0/bin/node /Users/georgi.nedkov/.nvm/versions/node/v18.2.0/bin/firebase deploy --only functions
[debug] [2023-03-16T16:52:29.867Z] CLI Version:   11.24.1
[debug] [2023-03-16T16:52:29.867Z] Platform:      darwin
[debug] [2023-03-16T16:52:29.867Z] Node Version:  v18.2.0
[debug] [2023-03-16T16:52:29.868Z] Time:          Thu Mar 16 2023 18:52:29 GMT+0200 (Eastern European Standard Time)
[debug] [2023-03-16T16:52:29.868Z] ----------------------------------------------------------------------
[debug] 
[debug] [2023-03-16T16:52:29.899Z] Object "" in "firebase.json" has unknown property: {"additionalProperty":"rewrites"}
[debug] [2023-03-16T16:52:29.901Z] > command requires scopes: ["email","openid","https://www.googleapis.com/auth/cloudplatformprojects.readonly","https://www.googleapis.com/auth/firebase","https://www.googleapis.com/auth/cloud-platform"]
[debug] [2023-03-16T16:52:29.902Z] > authorizing via signed-in user (georginedkov00@gmail.com)
[debug] [2023-03-16T16:52:29.902Z] [iam] checking project dumbo-3d6e7 for permissions ["cloudfunctions.functions.create","cloudfunctions.functions.delete","cloudfunctions.functions.get","cloudfunctions.functions.list","cloudfunctions.functions.update","cloudfunctions.operations.get","firebase.projects.get"]
[debug] [2023-03-16T16:52:29.903Z] >>> [apiv2][query] POST https://cloudresourcemanager.googleapis.com/v1/projects/dumbo-3d6e7:testIamPermissions [none]
[debug] [2023-03-16T16:52:29.903Z] >>> [apiv2][(partial)header] POST https://cloudresourcemanager.googleapis.com/v1/projects/dumbo-3d6e7:testIamPermissions x-goog-quota-user=projects/dumbo-3d6e7
[debug] [2023-03-16T16:52:29.903Z] >>> [apiv2][body] POST https://cloudresourcemanager.googleapis.com/v1/projects/dumbo-3d6e7:testIamPermissions {"permissions":["cloudfunctions.functions.create","cloudfunctions.functions.delete","cloudfunctions.functions.get","cloudfunctions.functions.list","cloudfunctions.functions.update","cloudfunctions.operations.get","firebase.projects.get"]}
[debug] [2023-03-16T16:52:30.909Z] <<< [apiv2][status] POST https://cloudresourcemanager.googleapis.com/v1/projects/dumbo-3d6e7:testIamPermissions 200
[debug] [2023-03-16T16:52:30.909Z] <<< [apiv2][body] POST https://cloudresourcemanager.googleapis.com/v1/projects/dumbo-3d6e7:testIamPermissions {"permissions":["cloudfunctions.functions.create","cloudfunctions.functions.delete","cloudfunctions.functions.get","cloudfunctions.functions.list","cloudfunctions.functions.update","cloudfunctions.operations.get","firebase.projects.get"]}
[debug] [2023-03-16T16:52:30.910Z] >>> [apiv2][query] POST https://iam.googleapis.com/v1/projects/dumbo-3d6e7/serviceAccounts/dumbo-3d6e7@appspot.gserviceaccount.com:testIamPermissions [none]
[debug] [2023-03-16T16:52:30.910Z] >>> [apiv2][body] POST https://iam.googleapis.com/v1/projects/dumbo-3d6e7/serviceAccounts/dumbo-3d6e7@appspot.gserviceaccount.com:testIamPermissions {"permissions":["iam.serviceAccounts.actAs"]}
[debug] [2023-03-16T16:52:31.824Z] <<< [apiv2][status] POST https://iam.googleapis.com/v1/projects/dumbo-3d6e7/serviceAccounts/dumbo-3d6e7@appspot.gserviceaccount.com:testIamPermissions 200
[debug] [2023-03-16T16:52:31.825Z] <<< [apiv2][body] POST https://iam.googleapis.com/v1/projects/dumbo-3d6e7/serviceAccounts/dumbo-3d6e7@appspot.gserviceaccount.com:testIamPermissions {"permissions":["iam.serviceAccounts.actAs"]}
[info] 
[info] === Deploying to 'dumbo-3d6e7'...
[info] 
[info] i  deploying functions 
[info] Running command: npm --prefix "$RESOURCE_DIR" run build
[info] ✔  functions: Finished running predeploy script. 
[debug] [2023-03-16T16:52:34.826Z] >>> [apiv2][query] GET https://firebase.googleapis.com/v1beta1/projects/dumbo-3d6e7 [none]
[debug] [2023-03-16T16:52:35.125Z] <<< [apiv2][status] GET https://firebase.googleapis.com/v1beta1/projects/dumbo-3d6e7 200
[debug] [2023-03-16T16:52:35.125Z] <<< [apiv2][body] GET https://firebase.googleapis.com/v1beta1/projects/dumbo-3d6e7 {"projectId":"dumbo-3d6e7","projectNumber":"439881626775","displayName":"dumbo","name":"projects/dumbo-3d6e7","resources":{"hostingSite":"dumbo-3d6e7"},"state":"ACTIVE","etag":"1_fc215f85-99ac-4dc5-a6e8-907ac437cb9f"}
[info] i  functions: preparing codebase default for deployment 
[info] i  functions: ensuring required API cloudfunctions.googleapis.com is enabled... 
[info] i  functions: ensuring required API cloudbuild.googleapis.com is enabled... 
[info] i  artifactregistry: ensuring required API artifactregistry.googleapis.com is enabled... 
[debug] [2023-03-16T16:52:35.127Z] >>> [apiv2][query] GET https://serviceusage.googleapis.com/v1/projects/dumbo-3d6e7/services/cloudfunctions.googleapis.com [none]
[debug] [2023-03-16T16:52:35.127Z] >>> [apiv2][(partial)header] GET https://serviceusage.googleapis.com/v1/projects/dumbo-3d6e7/services/cloudfunctions.googleapis.com x-goog-quota-user=projects/dumbo-3d6e7
[debug] [2023-03-16T16:52:35.130Z] >>> [apiv2][query] GET https://serviceusage.googleapis.com/v1/projects/dumbo-3d6e7/services/runtimeconfig.googleapis.com [none]
[debug] [2023-03-16T16:52:35.130Z] >>> [apiv2][(partial)header] GET https://serviceusage.googleapis.com/v1/projects/dumbo-3d6e7/services/runtimeconfig.googleapis.com x-goog-quota-user=projects/dumbo-3d6e7
[debug] [2023-03-16T16:52:35.132Z] >>> [apiv2][query] GET https://serviceusage.googleapis.com/v1/projects/dumbo-3d6e7/services/cloudbuild.googleapis.com [none]
[debug] [2023-03-16T16:52:35.132Z] >>> [apiv2][(partial)header] GET https://serviceusage.googleapis.com/v1/projects/dumbo-3d6e7/services/cloudbuild.googleapis.com x-goog-quota-user=projects/dumbo-3d6e7
[debug] [2023-03-16T16:52:35.134Z] >>> [apiv2][query] GET https://serviceusage.googleapis.com/v1/projects/dumbo-3d6e7/services/artifactregistry.googleapis.com [none]
[debug] [2023-03-16T16:52:35.134Z] >>> [apiv2][(partial)header] GET https://serviceusage.googleapis.com/v1/projects/dumbo-3d6e7/services/artifactregistry.googleapis.com x-goog-quota-user=projects/dumbo-3d6e7
[debug] [2023-03-16T16:52:36.193Z] <<< [apiv2][status] GET https://serviceusage.googleapis.com/v1/projects/dumbo-3d6e7/services/runtimeconfig.googleapis.com 200
[debug] [2023-03-16T16:52:36.193Z] <<< [apiv2][body] GET https://serviceusage.googleapis.com/v1/projects/dumbo-3d6e7/services/runtimeconfig.googleapis.com [omitted]
[debug] [2023-03-16T16:52:36.202Z] <<< [apiv2][status] GET https://serviceusage.googleapis.com/v1/projects/dumbo-3d6e7/services/cloudbuild.googleapis.com 200
[debug] [2023-03-16T16:52:36.202Z] <<< [apiv2][body] GET https://serviceusage.googleapis.com/v1/projects/dumbo-3d6e7/services/cloudbuild.googleapis.com [omitted]
[info] ✔  functions: required API cloudbuild.googleapis.com is enabled 
[debug] [2023-03-16T16:52:36.204Z] <<< [apiv2][status] GET https://serviceusage.googleapis.com/v1/projects/dumbo-3d6e7/services/cloudfunctions.googleapis.com 200
[debug] [2023-03-16T16:52:36.204Z] <<< [apiv2][body] GET https://serviceusage.googleapis.com/v1/projects/dumbo-3d6e7/services/cloudfunctions.googleapis.com [omitted]
[info] ✔  functions: required API cloudfunctions.googleapis.com is enabled 
[debug] [2023-03-16T16:52:36.254Z] <<< [apiv2][status] GET https://serviceusage.googleapis.com/v1/projects/dumbo-3d6e7/services/artifactregistry.googleapis.com 200
[debug] [2023-03-16T16:52:36.254Z] <<< [apiv2][body] GET https://serviceusage.googleapis.com/v1/projects/dumbo-3d6e7/services/artifactregistry.googleapis.com [omitted]
[info] ✔  artifactregistry: required API artifactregistry.googleapis.com is enabled 
[debug] [2023-03-16T16:52:36.255Z] >>> [apiv2][query] GET https://firebase.googleapis.com/v1beta1/projects/dumbo-3d6e7/adminSdkConfig [none]
[debug] [2023-03-16T16:52:36.552Z] <<< [apiv2][status] GET https://firebase.googleapis.com/v1beta1/projects/dumbo-3d6e7/adminSdkConfig 200
[debug] [2023-03-16T16:52:36.552Z] <<< [apiv2][body] GET https://firebase.googleapis.com/v1beta1/projects/dumbo-3d6e7/adminSdkConfig {"projectId":"dumbo-3d6e7","storageBucket":"dumbo-3d6e7.appspot.com"}
[debug] [2023-03-16T16:52:36.553Z] >>> [apiv2][query] GET https://runtimeconfig.googleapis.com/v1beta1/projects/dumbo-3d6e7/configs [none]
[debug] [2023-03-16T16:52:36.922Z] <<< [apiv2][status] GET https://runtimeconfig.googleapis.com/v1beta1/projects/dumbo-3d6e7/configs 200
[debug] [2023-03-16T16:52:36.922Z] <<< [apiv2][body] GET https://runtimeconfig.googleapis.com/v1beta1/projects/dumbo-3d6e7/configs {}
[debug] [2023-03-16T16:52:36.927Z] Validating nodejs source
[debug] [2023-03-16T16:52:46.938Z] checkFunctionsSDKVersion was unable to fetch information from NPM Error: spawnSync npm ETIMEDOUT
    at Object.spawnSync (node:internal/child_process:1109:20)
    at Object.spawnSync (node:child_process:803:24)
    at Function.spawnSync [as sync] (/Users/georgi.nedkov/.nvm/versions/node/v18.2.0/lib/node_modules/firebase-tools/node_modules/cross-spawn/index.js:26:23)
    at Object.getLatestSDKVersion (/Users/georgi.nedkov/.nvm/versions/node/v18.2.0/lib/node_modules/firebase-tools/lib/deploy/functions/runtimes/node/versioning.js:55:25)
    at Object.checkFunctionsSDKVersion (/Users/georgi.nedkov/.nvm/versions/node/v18.2.0/lib/node_modules/firebase-tools/lib/deploy/functions/runtimes/node/versioning.js:76:32)
    at Delegate.validate (/Users/georgi.nedkov/.nvm/versions/node/v18.2.0/lib/node_modules/firebase-tools/lib/deploy/functions/runtimes/node/index.js:84:20)
    at loadCodebases (/Users/georgi.nedkov/.nvm/versions/node/v18.2.0/lib/node_modules/firebase-tools/lib/deploy/functions/prepare.js:300:31)
    at async prepare (/Users/georgi.nedkov/.nvm/versions/node/v18.2.0/lib/node_modules/firebase-tools/lib/deploy/functions/prepare.js:58:24)
    at async chain (/Users/georgi.nedkov/.nvm/versions/node/v18.2.0/lib/node_modules/firebase-tools/lib/deploy/index.js:35:9)
    at async deploy (/Users/georgi.nedkov/.nvm/versions/node/v18.2.0/lib/node_modules/firebase-tools/lib/deploy/index.js:79:5)
[debug] [2023-03-16T16:52:46.938Z] > [functions] package.json contents: {
  "name": "functions",
  "scripts": {
    "lint": "eslint --ext .js,.ts .",
    "build": "tsc",
    "build:watch": "tsc --watch",
    "serve": "npm run build && firebase emulators:start --only functions",
    "shell": "npm run build && firebase functions:shell",
    "start": "npm run shell",
    "deploy": "firebase deploy --only functions",
    "logs": "firebase functions:log"
  },
  "engines": {
    "node": "16"
  },
  "main": "lib/index.js",
  "dependencies": {
    "firebase-admin": "^11.5.0",
    "firebase-functions": "^4.2.0"
  },
  "devDependencies": {
    "@typescript-eslint/eslint-plugin": "^5.12.0",
    "@typescript-eslint/parser": "^5.12.0",
    "eslint": "^8.9.0",
    "eslint-config-google": "^0.14.0",
    "eslint-plugin-import": "^2.25.4",
    "firebase-functions-test": "^3.0.0",
    "typescript": "^4.9.0"
  },
  "private": true
}
[debug] [2023-03-16T16:52:46.938Z] Building nodejs source
[debug] [2023-03-16T16:52:46.941Z] Could not find functions.yaml. Must use http discovery
[debug] [2023-03-16T16:52:46.946Z] Found firebase-functions binary at '/Users/georgi.nedkov/Public/code/2023/dumbo/functions/node_modules/.bin/firebase-functions'
[debug] [2023-03-16T16:52:47.021Z] Serving at port 8656

[debug] [2023-03-16T16:52:47.203Z] Got response from /__/functions.yaml {"endpoints":{"app":{"platform":"gcfv1","availableMemoryMb":null,"timeoutSeconds":null,"minInstances":null,"maxInstances":null,"ingressSettings":null,"serviceAccountEmail":null,"vpc":null,"httpsTrigger":{},"entryPoint":"app"}},"specVersion":"v1alpha1","requiredAPIs":[]}
[debug] [2023-03-16T16:52:47.206Z] shutdown requested via /__/quitquitquit

[info] i  functions: preparing functions directory for uploading... 
[info] i  functions: packaged /Users/georgi.nedkov/Public/code/2023/dumbo/functions (2.29 KB) for uploading 
[debug] [2023-03-16T16:52:47.227Z] >>> [apiv2][query] GET https://cloudfunctions.googleapis.com/v1/projects/dumbo-3d6e7/locations/-/functions [none]
[debug] [2023-03-16T16:52:47.902Z] <<< [apiv2][status] GET https://cloudfunctions.googleapis.com/v1/projects/dumbo-3d6e7/locations/-/functions 200
[debug] [2023-03-16T16:52:47.903Z] <<< [apiv2][body] GET https://cloudfunctions.googleapis.com/v1/projects/dumbo-3d6e7/locations/-/functions {"functions":[{"name":"projects/dumbo-3d6e7/locations/us-central1/functions/app","httpsTrigger":{"url":"https://us-central1-dumbo-3d6e7.cloudfunctions.net/app","securityLevel":"SECURE_ALWAYS"},"status":"OFFLINE","entryPoint":"app","timeout":"60s","availableMemoryMb":256,"serviceAccountEmail":"dumbo-3d6e7@appspot.gserviceaccount.com","updateTime":"2023-03-16T16:26:53.623Z","versionId":"2","labels":{"deployment-tool":"cli-firebase","firebase-functions-hash":"0d67b92fc8b78a92c9b10dd5d0a17f91c07e182e"},"sourceUploadUrl":"https://storage.googleapis.com/uploads-891366007772.us-central1.cloudfunctions.appspot.com/83e7881e-90a6-483a-a7ac-295391c943cf.zip","environmentVariables":{"FIREBASE_CONFIG":"{\"projectId\":\"dumbo-3d6e7\",\"storageBucket\":\"dumbo-3d6e7.appspot.com\"}","GCLOUD_PROJECT":"dumbo-3d6e7","EVENTARC_CLOUD_EVENT_SOURCE":"projects/dumbo-3d6e7/locations/us-central1/functions/app"},"runtime":"nodejs16","ingressSettings":"ALLOW_ALL","buildId":"68ad418b-92d4-4256-980c-22d08703e1f8","buildName":"projects/439881626775/locations/us-central1/builds/68ad418b-92d4-4256-980c-22d08703e1f8","dockerRegistry":"ARTIFACT_REGISTRY"}]}
[debug] [2023-03-16T16:52:47.905Z] >>> [apiv2][query] GET https://cloudfunctions.googleapis.com/v2/projects/dumbo-3d6e7/locations/-/functions filter=environment%3D%22GEN_2%22
[debug] [2023-03-16T16:52:49.030Z] <<< [apiv2][status] GET https://cloudfunctions.googleapis.com/v2/projects/dumbo-3d6e7/locations/-/functions 200
[debug] [2023-03-16T16:52:49.030Z] <<< [apiv2][body] GET https://cloudfunctions.googleapis.com/v2/projects/dumbo-3d6e7/locations/-/functions {}
[debug] [2023-03-16T16:52:49.035Z] >>> [apiv2][query] GET https://firebase.googleapis.com/v1beta1/projects/dumbo-3d6e7 [none]
[debug] [2023-03-16T16:52:49.381Z] <<< [apiv2][status] GET https://firebase.googleapis.com/v1beta1/projects/dumbo-3d6e7 200
[debug] [2023-03-16T16:52:49.381Z] <<< [apiv2][body] GET https://firebase.googleapis.com/v1beta1/projects/dumbo-3d6e7 {"projectId":"dumbo-3d6e7","projectNumber":"439881626775","displayName":"dumbo","name":"projects/dumbo-3d6e7","resources":{"hostingSite":"dumbo-3d6e7"},"state":"ACTIVE","etag":"1_fc215f85-99ac-4dc5-a6e8-907ac437cb9f"}
[debug] [2023-03-16T16:52:49.382Z] >>> [apiv2][query] POST https://cloudfunctions.googleapis.com/v1/projects/dumbo-3d6e7/locations/us-central1/functions:generateUploadUrl [none]
[debug] [2023-03-16T16:52:49.382Z] >>> [apiv2][body] POST https://cloudfunctions.googleapis.com/v1/projects/dumbo-3d6e7/locations/us-central1/functions:generateUploadUrl {}
[debug] [2023-03-16T16:52:49.901Z] <<< [apiv2][status] POST https://cloudfunctions.googleapis.com/v1/projects/dumbo-3d6e7/locations/us-central1/functions:generateUploadUrl 200
[debug] [2023-03-16T16:52:49.902Z] <<< [apiv2][body] POST https://cloudfunctions.googleapis.com/v1/projects/dumbo-3d6e7/locations/us-central1/functions:generateUploadUrl {"uploadUrl":"https://storage.googleapis.com/uploads-891366007772.us-central1.cloudfunctions.appspot.com/0d3da178-9d1f-4750-8eed-a77e3b47d4dc.zip?GoogleAccessId=service-439881626775@gcf-admin-robot.iam.gserviceaccount.com&Expires=1678987369&Signature=qsUQ9ef2f%2B3cuDxSq8VHRJvZqlBuVmdOQzj0sYgaXsYTaybmNlDzkASdRQWEuKB8o6jYOcEQ4mjoC3thHdJxBDHkeOQ4P8ushMg61ozyBlYyIGG%2BEEz%2FpE2yiLUUQTy0jrcBxQ7Mc9CI9KWMuado7i47z0OGSAl9sPReE9rohS4%2FivAj7qrWWvXgBS0RL2LgihIk4vLpX2IGHGNJ%2BABrFttGTKjyJsjxr6%2BBc2njlCQcouwAYJkE%2Biym8Ht2JYsg1uVvOOu%2Ffu%2FMzvpl0ZBX3TYz7llXlsNvQnaVaLBrF8U4MM8eltYO72z1XIZXytwaVQp58XZFlbSXGZadwh4UzQ%3D%3D"}
[debug] [2023-03-16T16:52:49.902Z] >>> [apiv2][query] PUT https://storage.googleapis.com/uploads-891366007772.us-central1.cloudfunctions.appspot.com/0d3da178-9d1f-4750-8eed-a77e3b47d4dc.zip GoogleAccessId=service-439881626775%40gcf-admin-robot.iam.gserviceaccount.com&Expires=1678987369&Signature=qsUQ9ef2f%2B3cuDxSq8VHRJvZqlBuVmdOQzj0sYgaXsYTaybmNlDzkASdRQWEuKB8o6jYOcEQ4mjoC3thHdJxBDHkeOQ4P8ushMg61ozyBlYyIGG%2BEEz%2FpE2yiLUUQTy0jrcBxQ7Mc9CI9KWMuado7i47z0OGSAl9sPReE9rohS4%2FivAj7qrWWvXgBS0RL2LgihIk4vLpX2IGHGNJ%2BABrFttGTKjyJsjxr6%2BBc2njlCQcouwAYJkE%2Biym8Ht2JYsg1uVvOOu%2Ffu%2FMzvpl0ZBX3TYz7llXlsNvQnaVaLBrF8U4MM8eltYO72z1XIZXytwaVQp58XZFlbSXGZadwh4UzQ%3D%3D
[debug] [2023-03-16T16:52:49.902Z] >>> [apiv2][body] PUT https://storage.googleapis.com/uploads-891366007772.us-central1.cloudfunctions.appspot.com/0d3da178-9d1f-4750-8eed-a77e3b47d4dc.zip [stream]
[debug] [2023-03-16T16:52:50.204Z] <<< [apiv2][status] PUT https://storage.googleapis.com/uploads-891366007772.us-central1.cloudfunctions.appspot.com/0d3da178-9d1f-4750-8eed-a77e3b47d4dc.zip 200
[debug] [2023-03-16T16:52:50.204Z] <<< [apiv2][body] PUT https://storage.googleapis.com/uploads-891366007772.us-central1.cloudfunctions.appspot.com/0d3da178-9d1f-4750-8eed-a77e3b47d4dc.zip [omitted]
[info] ✔  functions: functions folder uploaded successfully 
[info] i  functions: updating Node.js 16 function app(us-central1)... 
[debug] [2023-03-16T16:52:50.208Z] >>> [apiv2][query] PATCH https://cloudfunctions.googleapis.com/v1/projects/dumbo-3d6e7/locations/us-central1/functions/app updateMask=name%2CsourceUploadUrl%2CentryPoint%2Cruntime%2CdockerRegistry%2Clabels%2ChttpsTrigger.securityLevel%2CminInstances%2CmaxInstances%2CingressSettings%2CenvironmentVariables%2CserviceAccountEmail%2CavailableMemoryMb%2Ctimeout%2CvpcConnector%2CvpcConnectorEgressSettings%2CsourceToken
[debug] [2023-03-16T16:52:50.209Z] >>> [apiv2][body] PATCH https://cloudfunctions.googleapis.com/v1/projects/dumbo-3d6e7/locations/us-central1/functions/app {"name":"projects/dumbo-3d6e7/locations/us-central1/functions/app","sourceUploadUrl":"https://storage.googleapis.com/uploads-891366007772.us-central1.cloudfunctions.appspot.com/0d3da178-9d1f-4750-8eed-a77e3b47d4dc.zip?GoogleAccessId=service-439881626775@gcf-admin-robot.iam.gserviceaccount.com&Expires=1678987369&Signature=qsUQ9ef2f%2B3cuDxSq8VHRJvZqlBuVmdOQzj0sYgaXsYTaybmNlDzkASdRQWEuKB8o6jYOcEQ4mjoC3thHdJxBDHkeOQ4P8ushMg61ozyBlYyIGG%2BEEz%2FpE2yiLUUQTy0jrcBxQ7Mc9CI9KWMuado7i47z0OGSAl9sPReE9rohS4%2FivAj7qrWWvXgBS0RL2LgihIk4vLpX2IGHGNJ%2BABrFttGTKjyJsjxr6%2BBc2njlCQcouwAYJkE%2Biym8Ht2JYsg1uVvOOu%2Ffu%2FMzvpl0ZBX3TYz7llXlsNvQnaVaLBrF8U4MM8eltYO72z1XIZXytwaVQp58XZFlbSXGZadwh4UzQ%3D%3D","entryPoint":"app","runtime":"nodejs16","dockerRegistry":"ARTIFACT_REGISTRY","labels":{"deployment-tool":"cli-firebase","firebase-functions-hash":"3876d3e6995065a03972b0c464f21288b102d94e"},"httpsTrigger":{"securityLevel":"SECURE_ALWAYS"},"minInstances":null,"maxInstances":null,"ingressSettings":null,"environmentVariables":{"FIREBASE_CONFIG":"{\"projectId\":\"dumbo-3d6e7\",\"storageBucket\":\"dumbo-3d6e7.appspot.com\"}","GCLOUD_PROJECT":"dumbo-3d6e7","EVENTARC_CLOUD_EVENT_SOURCE":"projects/dumbo-3d6e7/locations/us-central1/functions/app"},"serviceAccountEmail":null,"availableMemoryMb":null,"timeout":null,"vpcConnector":null,"vpcConnectorEgressSettings":null}
[debug] [2023-03-16T16:52:50.765Z] <<< [apiv2][status] PATCH https://cloudfunctions.googleapis.com/v1/projects/dumbo-3d6e7/locations/us-central1/functions/app 200
[debug] [2023-03-16T16:52:50.765Z] <<< [apiv2][body] PATCH https://cloudfunctions.googleapis.com/v1/projects/dumbo-3d6e7/locations/us-central1/functions/app {"name":"operations/ZHVtYm8tM2Q2ZTcvdXMtY2VudHJhbDEvYXBwL292cHVjT0FGV0xR","metadata":{"@type":"type.googleapis.com/google.cloud.functions.v1.OperationMetadataV1","target":"projects/dumbo-3d6e7/locations/us-central1/functions/app","type":"UPDATE_FUNCTION","request":{"@type":"type.googleapis.com/google.cloud.functions.v1.CloudFunction","name":"projects/dumbo-3d6e7/locations/us-central1/functions/app","httpsTrigger":{"url":"https://us-central1-dumbo-3d6e7.cloudfunctions.net/app","securityLevel":"SECURE_ALWAYS"},"status":"OFFLINE","entryPoint":"app","updateTime":"2023-03-16T16:26:53.623Z","versionId":"2","labels":{"deployment-tool":"cli-firebase","firebase-functions-hash":"3876d3e6995065a03972b0c464f21288b102d94e"},"sourceUploadUrl":"https://storage.googleapis.com/uploads-891366007772.us-central1.cloudfunctions.appspot.com/0d3da178-9d1f-4750-8eed-a77e3b47d4dc.zip?GoogleAccessId=service-439881626775@gcf-admin-robot.iam.gserviceaccount.com&Expires=1678987369&Signature=qsUQ9ef2f%2B3cuDxSq8VHRJvZqlBuVmdOQzj0sYgaXsYTaybmNlDzkASdRQWEuKB8o6jYOcEQ4mjoC3thHdJxBDHkeOQ4P8ushMg61ozyBlYyIGG%2BEEz%2FpE2yiLUUQTy0jrcBxQ7Mc9CI9KWMuado7i47z0OGSAl9sPReE9rohS4%2FivAj7qrWWvXgBS0RL2LgihIk4vLpX2IGHGNJ%2BABrFttGTKjyJsjxr6%2BBc2njlCQcouwAYJkE%2Biym8Ht2JYsg1uVvOOu%2Ffu%2FMzvpl0ZBX3TYz7llXlsNvQnaVaLBrF8U4MM8eltYO72z1XIZXytwaVQp58XZFlbSXGZadwh4UzQ%3D%3D","environmentVariables":{"FIREBASE_CONFIG":"{\"projectId\":\"dumbo-3d6e7\",\"storageBucket\":\"dumbo-3d6e7.appspot.com\"}","GCLOUD_PROJECT":"dumbo-3d6e7","EVENTARC_CLOUD_EVENT_SOURCE":"projects/dumbo-3d6e7/locations/us-central1/functions/app"},"runtime":"nodejs16","buildId":"68ad418b-92d4-4256-980c-22d08703e1f8","buildName":"projects/439881626775/locations/us-central1/builds/68ad418b-92d4-4256-980c-22d08703e1f8","dockerRegistry":"ARTIFACT_REGISTRY"},"versionId":"3","updateTime":"2023-03-16T16:52:50Z"}}
[debug] [2023-03-16T16:52:50.766Z] >>> [apiv2][query] GET https://cloudfunctions.googleapis.com/v1/operations/ZHVtYm8tM2Q2ZTcvdXMtY2VudHJhbDEvYXBwL292cHVjT0FGV0xR [none]
[debug] [2023-03-16T16:52:51.032Z] <<< [apiv2][status] GET https://cloudfunctions.googleapis.com/v1/operations/ZHVtYm8tM2Q2ZTcvdXMtY2VudHJhbDEvYXBwL292cHVjT0FGV0xR 200
[debug] [2023-03-16T16:52:51.032Z] <<< [apiv2][body] GET https://cloudfunctions.googleapis.com/v1/operations/ZHVtYm8tM2Q2ZTcvdXMtY2VudHJhbDEvYXBwL292cHVjT0FGV0xR {"name":"operations/ZHVtYm8tM2Q2ZTcvdXMtY2VudHJhbDEvYXBwL292cHVjT0FGV0xR","metadata":{"@type":"type.googleapis.com/google.cloud.functions.v1.OperationMetadataV1","target":"projects/dumbo-3d6e7/locations/us-central1/functions/app","type":"UPDATE_FUNCTION","request":{"@type":"type.googleapis.com/google.cloud.functions.v1.CloudFunction","name":"projects/dumbo-3d6e7/locations/us-central1/functions/app","httpsTrigger":{"url":"https://us-central1-dumbo-3d6e7.cloudfunctions.net/app","securityLevel":"SECURE_ALWAYS"},"status":"OFFLINE","entryPoint":"app","updateTime":"2023-03-16T16:26:53.623Z","versionId":"2","labels":{"deployment-tool":"cli-firebase","firebase-functions-hash":"3876d3e6995065a03972b0c464f21288b102d94e"},"sourceUploadUrl":"https://storage.googleapis.com/uploads-891366007772.us-central1.cloudfunctions.appspot.com/0d3da178-9d1f-4750-8eed-a77e3b47d4dc.zip?GoogleAccessId=service-439881626775@gcf-admin-robot.iam.gserviceaccount.com&Expires=1678987369&Signature=qsUQ9ef2f%2B3cuDxSq8VHRJvZqlBuVmdOQzj0sYgaXsYTaybmNlDzkASdRQWEuKB8o6jYOcEQ4mjoC3thHdJxBDHkeOQ4P8ushMg61ozyBlYyIGG%2BEEz%2FpE2yiLUUQTy0jrcBxQ7Mc9CI9KWMuado7i47z0OGSAl9sPReE9rohS4%2FivAj7qrWWvXgBS0RL2LgihIk4vLpX2IGHGNJ%2BABrFttGTKjyJsjxr6%2BBc2njlCQcouwAYJkE%2Biym8Ht2JYsg1uVvOOu%2Ffu%2FMzvpl0ZBX3TYz7llXlsNvQnaVaLBrF8U4MM8eltYO72z1XIZXytwaVQp58XZFlbSXGZadwh4UzQ%3D%3D","environmentVariables":{"FIREBASE_CONFIG":"{\"projectId\":\"dumbo-3d6e7\",\"storageBucket\":\"dumbo-3d6e7.appspot.com\"}","GCLOUD_PROJECT":"dumbo-3d6e7","EVENTARC_CLOUD_EVENT_SOURCE":"projects/dumbo-3d6e7/locations/us-central1/functions/app"},"runtime":"nodejs16","buildId":"68ad418b-92d4-4256-980c-22d08703e1f8","buildName":"projects/439881626775/locations/us-central1/builds/68ad418b-92d4-4256-980c-22d08703e1f8","dockerRegistry":"ARTIFACT_REGISTRY"},"versionId":"3","updateTime":"2023-03-16T16:52:50Z"}}
[debug] [2023-03-16T16:52:51.533Z] [update-default-us-central1-app] Retrying task index 0
[debug] [2023-03-16T16:52:51.533Z] >>> [apiv2][query] GET https://cloudfunctions.googleapis.com/v1/operations/ZHVtYm8tM2Q2ZTcvdXMtY2VudHJhbDEvYXBwL292cHVjT0FGV0xR [none]
[debug] [2023-03-16T16:52:51.814Z] <<< [apiv2][status] GET https://cloudfunctions.googleapis.com/v1/operations/ZHVtYm8tM2Q2ZTcvdXMtY2VudHJhbDEvYXBwL292cHVjT0FGV0xR 200
[debug] [2023-03-16T16:52:51.815Z] <<< [apiv2][body] GET https://cloudfunctions.googleapis.com/v1/operations/ZHVtYm8tM2Q2ZTcvdXMtY2VudHJhbDEvYXBwL292cHVjT0FGV0xR {"name":"operations/ZHVtYm8tM2Q2ZTcvdXMtY2VudHJhbDEvYXBwL292cHVjT0FGV0xR","metadata":{"@type":"type.googleapis.com/google.cloud.functions.v1.OperationMetadataV1","target":"projects/dumbo-3d6e7/locations/us-central1/functions/app","type":"UPDATE_FUNCTION","request":{"@type":"type.googleapis.com/google.cloud.functions.v1.CloudFunction","name":"projects/dumbo-3d6e7/locations/us-central1/functions/app","httpsTrigger":{"url":"https://us-central1-dumbo-3d6e7.cloudfunctions.net/app","securityLevel":"SECURE_ALWAYS"},"status":"OFFLINE","entryPoint":"app","updateTime":"2023-03-16T16:26:53.623Z","versionId":"2","labels":{"deployment-tool":"cli-firebase","firebase-functions-hash":"3876d3e6995065a03972b0c464f21288b102d94e"},"sourceUploadUrl":"https://storage.googleapis.com/uploads-891366007772.us-central1.cloudfunctions.appspot.com/0d3da178-9d1f-4750-8eed-a77e3b47d4dc.zip?GoogleAccessId=service-439881626775@gcf-admin-robot.iam.gserviceaccount.com&Expires=1678987369&Signature=qsUQ9ef2f%2B3cuDxSq8VHRJvZqlBuVmdOQzj0sYgaXsYTaybmNlDzkASdRQWEuKB8o6jYOcEQ4mjoC3thHdJxBDHkeOQ4P8ushMg61ozyBlYyIGG%2BEEz%2FpE2yiLUUQTy0jrcBxQ7Mc9CI9KWMuado7i47z0OGSAl9sPReE9rohS4%2FivAj7qrWWvXgBS0RL2LgihIk4vLpX2IGHGNJ%2BABrFttGTKjyJsjxr6%2BBc2njlCQcouwAYJkE%2Biym8Ht2JYsg1uVvOOu%2Ffu%2FMzvpl0ZBX3TYz7llXlsNvQnaVaLBrF8U4MM8eltYO72z1XIZXytwaVQp58XZFlbSXGZadwh4UzQ%3D%3D","environmentVariables":{"FIREBASE_CONFIG":"{\"projectId\":\"dumbo-3d6e7\",\"storageBucket\":\"dumbo-3d6e7.appspot.com\"}","GCLOUD_PROJECT":"dumbo-3d6e7","EVENTARC_CLOUD_EVENT_SOURCE":"projects/dumbo-3d6e7/locations/us-central1/functions/app"},"runtime":"nodejs16","buildId":"68ad418b-92d4-4256-980c-22d08703e1f8","buildName":"projects/439881626775/locations/us-central1/builds/68ad418b-92d4-4256-980c-22d08703e1f8","dockerRegistry":"ARTIFACT_REGISTRY"},"versionId":"3","updateTime":"2023-03-16T16:52:50Z","buildId":"6b303165-e8c5-48f2-af82-ee56b705f837","buildName":"projects/439881626775/locations/us-central1/builds/6b303165-e8c5-48f2-af82-ee56b705f837"}}
[debug] [2023-03-16T16:52:52.816Z] [update-default-us-central1-app] Retrying task index 0
[debug] [2023-03-16T16:52:52.818Z] >>> [apiv2][query] GET https://cloudfunctions.googleapis.com/v1/operations/ZHVtYm8tM2Q2ZTcvdXMtY2VudHJhbDEvYXBwL292cHVjT0FGV0xR [none]
[debug] [2023-03-16T16:52:53.154Z] <<< [apiv2][status] GET https://cloudfunctions.googleapis.com/v1/operations/ZHVtYm8tM2Q2ZTcvdXMtY2VudHJhbDEvYXBwL292cHVjT0FGV0xR 200
[debug] [2023-03-16T16:52:53.155Z] <<< [apiv2][body] GET https://cloudfunctions.googleapis.com/v1/operations/ZHVtYm8tM2Q2ZTcvdXMtY2VudHJhbDEvYXBwL292cHVjT0FGV0xR {"name":"operations/ZHVtYm8tM2Q2ZTcvdXMtY2VudHJhbDEvYXBwL292cHVjT0FGV0xR","metadata":{"@type":"type.googleapis.com/google.cloud.functions.v1.OperationMetadataV1","target":"projects/dumbo-3d6e7/locations/us-central1/functions/app","type":"UPDATE_FUNCTION","request":{"@type":"type.googleapis.com/google.cloud.functions.v1.CloudFunction","name":"projects/dumbo-3d6e7/locations/us-central1/functions/app","httpsTrigger":{"url":"https://us-central1-dumbo-3d6e7.cloudfunctions.net/app","securityLevel":"SECURE_ALWAYS"},"status":"OFFLINE","entryPoint":"app","updateTime":"2023-03-16T16:26:53.623Z","versionId":"2","labels":{"deployment-tool":"cli-firebase","firebase-functions-hash":"3876d3e6995065a03972b0c464f21288b102d94e"},"sourceUploadUrl":"https://storage.googleapis.com/uploads-891366007772.us-central1.cloudfunctions.appspot.com/0d3da178-9d1f-4750-8eed-a77e3b47d4dc.zip?GoogleAccessId=service-439881626775@gcf-admin-robot.iam.gserviceaccount.com&Expires=1678987369&Signature=qsUQ9ef2f%2B3cuDxSq8VHRJvZqlBuVmdOQzj0sYgaXsYTaybmNlDzkASdRQWEuKB8o6jYOcEQ4mjoC3thHdJxBDHkeOQ4P8ushMg61ozyBlYyIGG%2BEEz%2FpE2yiLUUQTy0jrcBxQ7Mc9CI9KWMuado7i47z0OGSAl9sPReE9rohS4%2FivAj7qrWWvXgBS0RL2LgihIk4vLpX2IGHGNJ%2BABrFttGTKjyJsjxr6%2BBc2njlCQcouwAYJkE%2Biym8Ht2JYsg1uVvOOu%2Ffu%2FMzvpl0ZBX3TYz7llXlsNvQnaVaLBrF8U4MM8eltYO72z1XIZXytwaVQp58XZFlbSXGZadwh4UzQ%3D%3D","environmentVariables":{"FIREBASE_CONFIG":"{\"projectId\":\"dumbo-3d6e7\",\"storageBucket\":\"dumbo-3d6e7.appspot.com\"}","GCLOUD_PROJECT":"dumbo-3d6e7","EVENTARC_CLOUD_EVENT_SOURCE":"projects/dumbo-3d6e7/locations/us-central1/functions/app"},"runtime":"nodejs16","buildId":"68ad418b-92d4-4256-980c-22d08703e1f8","buildName":"projects/439881626775/locations/us-central1/builds/68ad418b-92d4-4256-980c-22d08703e1f8","dockerRegistry":"ARTIFACT_REGISTRY"},"versionId":"3","updateTime":"2023-03-16T16:52:50Z","buildId":"6b303165-e8c5-48f2-af82-ee56b705f837","buildName":"projects/439881626775/locations/us-central1/builds/6b303165-e8c5-48f2-af82-ee56b705f837"}}
[debug] [2023-03-16T16:52:55.157Z] [update-default-us-central1-app] Retrying task index 0
[debug] [2023-03-16T16:52:55.157Z] >>> [apiv2][query] GET https://cloudfunctions.googleapis.com/v1/operations/ZHVtYm8tM2Q2ZTcvdXMtY2VudHJhbDEvYXBwL292cHVjT0FGV0xR [none]
[debug] [2023-03-16T16:52:55.600Z] <<< [apiv2][status] GET https://cloudfunctions.googleapis.com/v1/operations/ZHVtYm8tM2Q2ZTcvdXMtY2VudHJhbDEvYXBwL292cHVjT0FGV0xR 200
[debug] [2023-03-16T16:52:55.600Z] <<< [apiv2][body] GET https://cloudfunctions.googleapis.com/v1/operations/ZHVtYm8tM2Q2ZTcvdXMtY2VudHJhbDEvYXBwL292cHVjT0FGV0xR {"name":"operations/ZHVtYm8tM2Q2ZTcvdXMtY2VudHJhbDEvYXBwL292cHVjT0FGV0xR","metadata":{"@type":"type.googleapis.com/google.cloud.functions.v1.OperationMetadataV1","target":"projects/dumbo-3d6e7/locations/us-central1/functions/app","type":"UPDATE_FUNCTION","request":{"@type":"type.googleapis.com/google.cloud.functions.v1.CloudFunction","name":"projects/dumbo-3d6e7/locations/us-central1/functions/app","httpsTrigger":{"url":"https://us-central1-dumbo-3d6e7.cloudfunctions.net/app","securityLevel":"SECURE_ALWAYS"},"status":"OFFLINE","entryPoint":"app","updateTime":"2023-03-16T16:26:53.623Z","versionId":"2","labels":{"deployment-tool":"cli-firebase","firebase-functions-hash":"3876d3e6995065a03972b0c464f21288b102d94e"},"sourceUploadUrl":"https://storage.googleapis.com/uploads-891366007772.us-central1.cloudfunctions.appspot.com/0d3da178-9d1f-4750-8eed-a77e3b47d4dc.zip?GoogleAccessId=service-439881626775@gcf-admin-robot.iam.gserviceaccount.com&Expires=1678987369&Signature=qsUQ9ef2f%2B3cuDxSq8VHRJvZqlBuVmdOQzj0sYgaXsYTaybmNlDzkASdRQWEuKB8o6jYOcEQ4mjoC3thHdJxBDHkeOQ4P8ushMg61ozyBlYyIGG%2BEEz%2FpE2yiLUUQTy0jrcBxQ7Mc9CI9KWMuado7i47z0OGSAl9sPReE9rohS4%2FivAj7qrWWvXgBS0RL2LgihIk4vLpX2IGHGNJ%2BABrFttGTKjyJsjxr6%2BBc2njlCQcouwAYJkE%2Biym8Ht2JYsg1uVvOOu%2Ffu%2FMzvpl0ZBX3TYz7llXlsNvQnaVaLBrF8U4MM8eltYO72z1XIZXytwaVQp58XZFlbSXGZadwh4UzQ%3D%3D","environmentVariables":{"FIREBASE_CONFIG":"{\"projectId\":\"dumbo-3d6e7\",\"storageBucket\":\"dumbo-3d6e7.appspot.com\"}","GCLOUD_PROJECT":"dumbo-3d6e7","EVENTARC_CLOUD_EVENT_SOURCE":"projects/dumbo-3d6e7/locations/us-central1/functions/app"},"runtime":"nodejs16","buildId":"68ad418b-92d4-4256-980c-22d08703e1f8","buildName":"projects/439881626775/locations/us-central1/builds/68ad418b-92d4-4256-980c-22d08703e1f8","dockerRegistry":"ARTIFACT_REGISTRY"},"versionId":"3","updateTime":"2023-03-16T16:52:50Z","buildId":"6b303165-e8c5-48f2-af82-ee56b705f837","buildName":"projects/439881626775/locations/us-central1/builds/6b303165-e8c5-48f2-af82-ee56b705f837"}}
[debug] [2023-03-16T16:52:59.602Z] [update-default-us-central1-app] Retrying task index 0
[debug] [2023-03-16T16:52:59.602Z] >>> [apiv2][query] GET https://cloudfunctions.googleapis.com/v1/operations/ZHVtYm8tM2Q2ZTcvdXMtY2VudHJhbDEvYXBwL292cHVjT0FGV0xR [none]
[debug] [2023-03-16T16:52:59.870Z] <<< [apiv2][status] GET https://cloudfunctions.googleapis.com/v1/operations/ZHVtYm8tM2Q2ZTcvdXMtY2VudHJhbDEvYXBwL292cHVjT0FGV0xR 200
[debug] [2023-03-16T16:52:59.870Z] <<< [apiv2][body] GET https://cloudfunctions.googleapis.com/v1/operations/ZHVtYm8tM2Q2ZTcvdXMtY2VudHJhbDEvYXBwL292cHVjT0FGV0xR {"name":"operations/ZHVtYm8tM2Q2ZTcvdXMtY2VudHJhbDEvYXBwL292cHVjT0FGV0xR","metadata":{"@type":"type.googleapis.com/google.cloud.functions.v1.OperationMetadataV1","target":"projects/dumbo-3d6e7/locations/us-central1/functions/app","type":"UPDATE_FUNCTION","request":{"@type":"type.googleapis.com/google.cloud.functions.v1.CloudFunction","name":"projects/dumbo-3d6e7/locations/us-central1/functions/app","httpsTrigger":{"url":"https://us-central1-dumbo-3d6e7.cloudfunctions.net/app","securityLevel":"SECURE_ALWAYS"},"status":"OFFLINE","entryPoint":"app","updateTime":"2023-03-16T16:26:53.623Z","versionId":"2","labels":{"deployment-tool":"cli-firebase","firebase-functions-hash":"3876d3e6995065a03972b0c464f21288b102d94e"},"sourceUploadUrl":"https://storage.googleapis.com/uploads-891366007772.us-central1.cloudfunctions.appspot.com/0d3da178-9d1f-4750-8eed-a77e3b47d4dc.zip?GoogleAccessId=service-439881626775@gcf-admin-robot.iam.gserviceaccount.com&Expires=1678987369&Signature=qsUQ9ef2f%2B3cuDxSq8VHRJvZqlBuVmdOQzj0sYgaXsYTaybmNlDzkASdRQWEuKB8o6jYOcEQ4mjoC3thHdJxBDHkeOQ4P8ushMg61ozyBlYyIGG%2BEEz%2FpE2yiLUUQTy0jrcBxQ7Mc9CI9KWMuado7i47z0OGSAl9sPReE9rohS4%2FivAj7qrWWvXgBS0RL2LgihIk4vLpX2IGHGNJ%2BABrFttGTKjyJsjxr6%2BBc2njlCQcouwAYJkE%2Biym8Ht2JYsg1uVvOOu%2Ffu%2FMzvpl0ZBX3TYz7llXlsNvQnaVaLBrF8U4MM8eltYO72z1XIZXytwaVQp58XZFlbSXGZadwh4UzQ%3D%3D","environmentVariables":{"FIREBASE_CONFIG":"{\"projectId\":\"dumbo-3d6e7\",\"storageBucket\":\"dumbo-3d6e7.appspot.com\"}","GCLOUD_PROJECT":"dumbo-3d6e7","EVENTARC_CLOUD_EVENT_SOURCE":"projects/dumbo-3d6e7/locations/us-central1/functions/app"},"runtime":"nodejs16","buildId":"68ad418b-92d4-4256-980c-22d08703e1f8","buildName":"projects/439881626775/locations/us-central1/builds/68ad418b-92d4-4256-980c-22d08703e1f8","dockerRegistry":"ARTIFACT_REGISTRY"},"versionId":"3","updateTime":"2023-03-16T16:52:50Z","buildId":"6b303165-e8c5-48f2-af82-ee56b705f837","buildName":"projects/439881626775/locations/us-central1/builds/6b303165-e8c5-48f2-af82-ee56b705f837"}}
[debug] [2023-03-16T17:15:11.450Z] ----------------------------------------------------------------------
[debug] [2023-03-16T17:15:11.451Z] Command:       /Users/georgi.nedkov/.nvm/versions/node/v18.2.0/bin/node /Users/georgi.nedkov/.nvm/versions/node/v18.2.0/bin/firebase deploy --only functions
[debug] [2023-03-16T17:15:11.451Z] CLI Version:   11.24.1
[debug] [2023-03-16T17:15:11.451Z] Platform:      darwin
[debug] [2023-03-16T17:15:11.451Z] Node Version:  v18.2.0
[debug] [2023-03-16T17:15:11.452Z] Time:          Thu Mar 16 2023 19:15:11 GMT+0200 (Eastern European Standard Time)
[debug] [2023-03-16T17:15:11.452Z] ----------------------------------------------------------------------
[debug] 
[debug] [2023-03-16T17:15:11.482Z] Object "" in "firebase.json" has unknown property: {"additionalProperty":"rewrites"}
[debug] [2023-03-16T17:15:11.484Z] > command requires scopes: ["email","openid","https://www.googleapis.com/auth/cloudplatformprojects.readonly","https://www.googleapis.com/auth/firebase","https://www.googleapis.com/auth/cloud-platform"]
[debug] [2023-03-16T17:15:11.484Z] > authorizing via signed-in user (georginedkov00@gmail.com)
[debug] [2023-03-16T17:15:11.484Z] [iam] checking project dumbo-3d6e7 for permissions ["cloudfunctions.functions.create","cloudfunctions.functions.delete","cloudfunctions.functions.get","cloudfunctions.functions.list","cloudfunctions.functions.update","cloudfunctions.operations.get","firebase.projects.get"]
[debug] [2023-03-16T17:15:11.485Z] > refreshing access token with scopes: []
[debug] [2023-03-16T17:15:11.486Z] >>> [apiv2][query] POST https://www.googleapis.com/oauth2/v3/token [none]
[debug] [2023-03-16T17:15:11.486Z] >>> [apiv2][body] POST https://www.googleapis.com/oauth2/v3/token [omitted]
[debug] [2023-03-16T17:15:11.686Z] <<< [apiv2][status] POST https://www.googleapis.com/oauth2/v3/token 200
[debug] [2023-03-16T17:15:11.686Z] <<< [apiv2][body] POST https://www.googleapis.com/oauth2/v3/token [omitted]
[debug] [2023-03-16T17:15:11.730Z] >>> [apiv2][query] POST https://cloudresourcemanager.googleapis.com/v1/projects/dumbo-3d6e7:testIamPermissions [none]
[debug] [2023-03-16T17:15:11.730Z] >>> [apiv2][(partial)header] POST https://cloudresourcemanager.googleapis.com/v1/projects/dumbo-3d6e7:testIamPermissions x-goog-quota-user=projects/dumbo-3d6e7
[debug] [2023-03-16T17:15:11.730Z] >>> [apiv2][body] POST https://cloudresourcemanager.googleapis.com/v1/projects/dumbo-3d6e7:testIamPermissions {"permissions":["cloudfunctions.functions.create","cloudfunctions.functions.delete","cloudfunctions.functions.get","cloudfunctions.functions.list","cloudfunctions.functions.update","cloudfunctions.operations.get","firebase.projects.get"]}
