[debug] [2023-04-07T01:03:10.698Z] ----------------------------------------------------------------------
[debug] [2023-04-07T01:03:10.699Z] Command:       /Users/georgi.nedkov/.nvm/versions/node/v18.2.0/bin/node /Users/georgi.nedkov/.nvm/versions/node/v18.2.0/bin/firebase deploy --only functions
[debug] [2023-04-07T01:03:10.699Z] CLI Version:   11.24.1
[debug] [2023-04-07T01:03:10.700Z] Platform:      darwin
[debug] [2023-04-07T01:03:10.700Z] Node Version:  v18.2.0
[debug] [2023-04-07T01:03:10.701Z] Time:          Fri Apr 07 2023 04:03:10 GMT+0300 (Eastern European Summer Time)
[debug] [2023-04-07T01:03:10.701Z] ----------------------------------------------------------------------
[debug] 
[debug] [2023-04-07T01:03:10.733Z] > command requires scopes: ["email","openid","https://www.googleapis.com/auth/cloudplatformprojects.readonly","https://www.googleapis.com/auth/firebase","https://www.googleapis.com/auth/cloud-platform"]
[debug] [2023-04-07T01:03:10.733Z] > authorizing via signed-in user (georginedkov00@gmail.com)
[debug] [2023-04-07T01:03:10.733Z] [iam] checking project dumbo-3d6e7 for permissions ["cloudfunctions.functions.create","cloudfunctions.functions.delete","cloudfunctions.functions.get","cloudfunctions.functions.list","cloudfunctions.functions.update","cloudfunctions.operations.get","firebase.projects.get"]
[debug] [2023-04-07T01:03:10.734Z] >>> [apiv2][query] POST https://cloudresourcemanager.googleapis.com/v1/projects/dumbo-3d6e7:testIamPermissions [none]
[debug] [2023-04-07T01:03:10.734Z] >>> [apiv2][(partial)header] POST https://cloudresourcemanager.googleapis.com/v1/projects/dumbo-3d6e7:testIamPermissions x-goog-quota-user=projects/dumbo-3d6e7
[debug] [2023-04-07T01:03:10.734Z] >>> [apiv2][body] POST https://cloudresourcemanager.googleapis.com/v1/projects/dumbo-3d6e7:testIamPermissions {"permissions":["cloudfunctions.functions.create","cloudfunctions.functions.delete","cloudfunctions.functions.get","cloudfunctions.functions.list","cloudfunctions.functions.update","cloudfunctions.operations.get","firebase.projects.get"]}
[debug] [2023-04-07T01:03:11.833Z] <<< [apiv2][status] POST https://cloudresourcemanager.googleapis.com/v1/projects/dumbo-3d6e7:testIamPermissions 200
[debug] [2023-04-07T01:03:11.833Z] <<< [apiv2][body] POST https://cloudresourcemanager.googleapis.com/v1/projects/dumbo-3d6e7:testIamPermissions {"permissions":["cloudfunctions.functions.create","cloudfunctions.functions.delete","cloudfunctions.functions.get","cloudfunctions.functions.list","cloudfunctions.functions.update","cloudfunctions.operations.get","firebase.projects.get"]}
[debug] [2023-04-07T01:03:11.834Z] >>> [apiv2][query] POST https://iam.googleapis.com/v1/projects/dumbo-3d6e7/serviceAccounts/dumbo-3d6e7@appspot.gserviceaccount.com:testIamPermissions [none]
[debug] [2023-04-07T01:03:11.834Z] >>> [apiv2][body] POST https://iam.googleapis.com/v1/projects/dumbo-3d6e7/serviceAccounts/dumbo-3d6e7@appspot.gserviceaccount.com:testIamPermissions {"permissions":["iam.serviceAccounts.actAs"]}
[debug] [2023-04-07T01:03:12.869Z] <<< [apiv2][status] POST https://iam.googleapis.com/v1/projects/dumbo-3d6e7/serviceAccounts/dumbo-3d6e7@appspot.gserviceaccount.com:testIamPermissions 200
[debug] [2023-04-07T01:03:12.869Z] <<< [apiv2][body] POST https://iam.googleapis.com/v1/projects/dumbo-3d6e7/serviceAccounts/dumbo-3d6e7@appspot.gserviceaccount.com:testIamPermissions {"permissions":["iam.serviceAccounts.actAs"]}
[info] 
[info] === Deploying to 'dumbo-3d6e7'...
[info] 
[info] i  deploying functions 
[info] Running command: npm --prefix "$RESOURCE_DIR" run build
[info] ✔  functions: Finished running predeploy script. 
[debug] [2023-04-07T01:03:16.230Z] >>> [apiv2][query] GET https://firebase.googleapis.com/v1beta1/projects/dumbo-3d6e7 [none]
[debug] [2023-04-07T01:03:16.759Z] <<< [apiv2][status] GET https://firebase.googleapis.com/v1beta1/projects/dumbo-3d6e7 200
[debug] [2023-04-07T01:03:16.759Z] <<< [apiv2][body] GET https://firebase.googleapis.com/v1beta1/projects/dumbo-3d6e7 {"projectId":"dumbo-3d6e7","projectNumber":"439881626775","displayName":"dumbo","name":"projects/dumbo-3d6e7","resources":{"hostingSite":"dumbo-3d6e7"},"state":"ACTIVE","etag":"1_0d761aa0-8f5e-4519-bf73-13c608e346f2"}
[info] i  functions: preparing codebase default for deployment 
[info] i  functions: ensuring required API cloudfunctions.googleapis.com is enabled... 
[info] i  functions: ensuring required API cloudbuild.googleapis.com is enabled... 
[info] i  artifactregistry: ensuring required API artifactregistry.googleapis.com is enabled... 
[debug] [2023-04-07T01:03:16.762Z] >>> [apiv2][query] GET https://serviceusage.googleapis.com/v1/projects/dumbo-3d6e7/services/cloudfunctions.googleapis.com [none]
[debug] [2023-04-07T01:03:16.762Z] >>> [apiv2][(partial)header] GET https://serviceusage.googleapis.com/v1/projects/dumbo-3d6e7/services/cloudfunctions.googleapis.com x-goog-quota-user=projects/dumbo-3d6e7
[debug] [2023-04-07T01:03:16.765Z] >>> [apiv2][query] GET https://serviceusage.googleapis.com/v1/projects/dumbo-3d6e7/services/runtimeconfig.googleapis.com [none]
[debug] [2023-04-07T01:03:16.765Z] >>> [apiv2][(partial)header] GET https://serviceusage.googleapis.com/v1/projects/dumbo-3d6e7/services/runtimeconfig.googleapis.com x-goog-quota-user=projects/dumbo-3d6e7
[debug] [2023-04-07T01:03:16.766Z] >>> [apiv2][query] GET https://serviceusage.googleapis.com/v1/projects/dumbo-3d6e7/services/cloudbuild.googleapis.com [none]
[debug] [2023-04-07T01:03:16.767Z] >>> [apiv2][(partial)header] GET https://serviceusage.googleapis.com/v1/projects/dumbo-3d6e7/services/cloudbuild.googleapis.com x-goog-quota-user=projects/dumbo-3d6e7
[debug] [2023-04-07T01:03:16.768Z] >>> [apiv2][query] GET https://serviceusage.googleapis.com/v1/projects/dumbo-3d6e7/services/artifactregistry.googleapis.com [none]
[debug] [2023-04-07T01:03:16.768Z] >>> [apiv2][(partial)header] GET https://serviceusage.googleapis.com/v1/projects/dumbo-3d6e7/services/artifactregistry.googleapis.com x-goog-quota-user=projects/dumbo-3d6e7
[debug] [2023-04-07T01:03:18.096Z] <<< [apiv2][status] GET https://serviceusage.googleapis.com/v1/projects/dumbo-3d6e7/services/artifactregistry.googleapis.com 200
[debug] [2023-04-07T01:03:18.096Z] <<< [apiv2][body] GET https://serviceusage.googleapis.com/v1/projects/dumbo-3d6e7/services/artifactregistry.googleapis.com [omitted]
[info] ✔  artifactregistry: required API artifactregistry.googleapis.com is enabled 
[debug] [2023-04-07T01:03:18.098Z] <<< [apiv2][status] GET https://serviceusage.googleapis.com/v1/projects/dumbo-3d6e7/services/cloudbuild.googleapis.com 200
[debug] [2023-04-07T01:03:18.098Z] <<< [apiv2][body] GET https://serviceusage.googleapis.com/v1/projects/dumbo-3d6e7/services/cloudbuild.googleapis.com [omitted]
[info] ✔  functions: required API cloudbuild.googleapis.com is enabled 
[debug] [2023-04-07T01:03:18.099Z] <<< [apiv2][status] GET https://serviceusage.googleapis.com/v1/projects/dumbo-3d6e7/services/cloudfunctions.googleapis.com 200
[debug] [2023-04-07T01:03:18.100Z] <<< [apiv2][body] GET https://serviceusage.googleapis.com/v1/projects/dumbo-3d6e7/services/cloudfunctions.googleapis.com [omitted]
[info] ✔  functions: required API cloudfunctions.googleapis.com is enabled 
[debug] [2023-04-07T01:03:18.100Z] <<< [apiv2][status] GET https://serviceusage.googleapis.com/v1/projects/dumbo-3d6e7/services/runtimeconfig.googleapis.com 200
[debug] [2023-04-07T01:03:18.100Z] <<< [apiv2][body] GET https://serviceusage.googleapis.com/v1/projects/dumbo-3d6e7/services/runtimeconfig.googleapis.com [omitted]
[debug] [2023-04-07T01:03:18.100Z] >>> [apiv2][query] GET https://firebase.googleapis.com/v1beta1/projects/dumbo-3d6e7/adminSdkConfig [none]
[debug] [2023-04-07T01:03:18.565Z] <<< [apiv2][status] GET https://firebase.googleapis.com/v1beta1/projects/dumbo-3d6e7/adminSdkConfig 200
[debug] [2023-04-07T01:03:18.565Z] <<< [apiv2][body] GET https://firebase.googleapis.com/v1beta1/projects/dumbo-3d6e7/adminSdkConfig {"projectId":"dumbo-3d6e7","storageBucket":"dumbo-3d6e7.appspot.com"}
[debug] [2023-04-07T01:03:18.566Z] >>> [apiv2][query] GET https://runtimeconfig.googleapis.com/v1beta1/projects/dumbo-3d6e7/configs [none]
[debug] [2023-04-07T01:03:19.043Z] <<< [apiv2][status] GET https://runtimeconfig.googleapis.com/v1beta1/projects/dumbo-3d6e7/configs 200
[debug] [2023-04-07T01:03:19.043Z] <<< [apiv2][body] GET https://runtimeconfig.googleapis.com/v1beta1/projects/dumbo-3d6e7/configs {}
[debug] [2023-04-07T01:03:19.046Z] Validating nodejs source
[debug] [2023-04-07T01:03:29.063Z] checkFunctionsSDKVersion was unable to fetch information from NPM Error: spawnSync npm ETIMEDOUT
    at Object.spawnSync (node:internal/child_process:1109:20)
    at Object.spawnSync (node:child_process:803:24)
    at Function.spawnSync [as sync] (/Users/georgi.nedkov/.nvm/versions/node/v18.2.0/lib/node_modules/firebase-tools/node_modules/cross-spawn/index.js:26:23)
    at Object.getLatestSDKVersion (/Users/georgi.nedkov/.nvm/versions/node/v18.2.0/lib/node_modules/firebase-tools/lib/deploy/functions/runtimes/node/versioning.js:55:25)
    at Object.checkFunctionsSDKVersion (/Users/georgi.nedkov/.nvm/versions/node/v18.2.0/lib/node_modules/firebase-tools/lib/deploy/functions/runtimes/node/versioning.js:76:32)
    at Delegate.validate (/Users/georgi.nedkov/.nvm/versions/node/v18.2.0/lib/node_modules/firebase-tools/lib/deploy/functions/runtimes/node/index.js:84:20)
    at loadCodebases (/Users/georgi.nedkov/.nvm/versions/node/v18.2.0/lib/node_modules/firebase-tools/lib/deploy/functions/prepare.js:300:31)
    at async prepare (/Users/georgi.nedkov/.nvm/versions/node/v18.2.0/lib/node_modules/firebase-tools/lib/deploy/functions/prepare.js:58:24)
    at async chain (/Users/georgi.nedkov/.nvm/versions/node/v18.2.0/lib/node_modules/firebase-tools/lib/deploy/index.js:35:9)
    at async deploy (/Users/georgi.nedkov/.nvm/versions/node/v18.2.0/lib/node_modules/firebase-tools/lib/deploy/index.js:79:5)
[debug] [2023-04-07T01:03:29.065Z] > [functions] package.json contents: {
  "name": "functions",
  "scripts": {
    "lint": "eslint --ext .js,.ts .",
    "build": "tsc",
    "build:watch": "tsc --watch",
    "serve": "npm run build && firebase emulators:start --only functions",
    "shell": "npm run build && firebase functions:shell",
    "start": "npm run shell",
    "deploy": "firebase deploy --only functions",
    "logs": "firebase functions:log"
  },
  "engines": {
    "node": "16"
  },
  "main": "lib/index.js",
  "dependencies": {
    "firebase-admin": "^11.5.0",
    "firebase-functions": "^4.2.0",
    "express": "^4.18.2",
    "body-parser": "^1.19.0",
    "cors": "^2.8.5",
    "dotenv": "^16.0.3",
    "prisma": "^4.12.0",
    "@prisma/client": "^4.12.0"
  },
  "devDependencies": {
    "@types/express": "^4.17.17",
    "@types/cors": "^2.8.9",
    "@types/node": "^18.15.2",
    "@typescript-eslint/eslint-plugin": "^5.12.0",
    "@typescript-eslint/parser": "^5.12.0",
    "eslint": "^8.9.0",
    "eslint-config-google": "^0.14.0",
    "eslint-plugin-import": "^2.25.4",
    "firebase-functions-test": "^3.0.0",
    "typescript": "^4.9.0"
  },
  "private": true
}
[debug] [2023-04-07T01:03:29.065Z] Building nodejs source
[debug] [2023-04-07T01:03:29.071Z] Could not find functions.yaml. Must use http discovery
[debug] [2023-04-07T01:03:29.078Z] Found firebase-functions binary at '/Users/georgi.nedkov/Public/code/2023/dumbo/functions/node_modules/.bin/firebase-functions'
[debug] [2023-04-07T01:03:29.188Z] Serving at port 8968

[debug] [2023-04-07T01:03:29.338Z] Got response from /__/functions.yaml {"endpoints":{"app":{"platform":"gcfv1","availableMemoryMb":null,"timeoutSeconds":null,"minInstances":null,"maxInstances":null,"ingressSettings":null,"serviceAccountEmail":null,"vpc":null,"httpsTrigger":{},"entryPoint":"app"}},"specVersion":"v1alpha1","requiredAPIs":[]}
[debug] [2023-04-07T01:03:29.356Z] shutdown requested via /__/quitquitquit

[info] i  functions: Loaded environment variables from .env. 
[info] i  functions: preparing functions directory for uploading... 
[info] i  functions: packaged /Users/georgi.nedkov/Public/code/2023/dumbo/functions (9.59 KB) for uploading 
[debug] [2023-04-07T01:03:29.388Z] >>> [apiv2][query] GET https://cloudfunctions.googleapis.com/v1/projects/dumbo-3d6e7/locations/-/functions [none]
[debug] [2023-04-07T01:03:30.273Z] <<< [apiv2][status] GET https://cloudfunctions.googleapis.com/v1/projects/dumbo-3d6e7/locations/-/functions 200
[debug] [2023-04-07T01:03:30.273Z] <<< [apiv2][body] GET https://cloudfunctions.googleapis.com/v1/projects/dumbo-3d6e7/locations/-/functions {"functions":[{"name":"projects/dumbo-3d6e7/locations/us-central1/functions/app","httpsTrigger":{"url":"https://us-central1-dumbo-3d6e7.cloudfunctions.net/app","securityLevel":"SECURE_ALWAYS"},"status":"ACTIVE","entryPoint":"app","timeout":"60s","availableMemoryMb":256,"serviceAccountEmail":"dumbo-3d6e7@appspot.gserviceaccount.com","updateTime":"2023-04-07T00:58:29.488Z","versionId":"25","labels":{"deployment-tool":"cli-firebase","firebase-functions-hash":"d2c05e8e1d217c4952d9e8c26bad1dd6de6e43b8"},"sourceUploadUrl":"https://storage.googleapis.com/uploads-891366007772.us-central1.cloudfunctions.appspot.com/998864ec-70c9-4238-b163-de7ab361be00.zip","environmentVariables":{"DB_URI":"mongodb+srv://georginedkov00:NvKDMgabCvUQpfcG@bog-napred-i-az-sled-ne.nxwbt6i.mongodb.net/?retryWrites=true&w=majority","DATABASE_URL":"postgresql://postgres:QW5Mw8tDfPOqbdu3@db.dxhijnxftnmjirprrvyd.supabase.co:5432/postgres","DATABASE_PASSWORD":"QW5Mw8tDfPOqbdu3","FIREBASE_CONFIG":"{\"projectId\":\"dumbo-3d6e7\",\"storageBucket\":\"dumbo-3d6e7.appspot.com\"}","GCLOUD_PROJECT":"dumbo-3d6e7","EVENTARC_CLOUD_EVENT_SOURCE":"projects/dumbo-3d6e7/locations/us-central1/functions/app"},"runtime":"nodejs16","ingressSettings":"ALLOW_ALL","buildId":"8d0c9bae-b575-4e83-a240-2140ce439cfe","buildName":"projects/439881626775/locations/us-central1/builds/8d0c9bae-b575-4e83-a240-2140ce439cfe","dockerRegistry":"ARTIFACT_REGISTRY"}]}
[debug] [2023-04-07T01:03:30.274Z] >>> [apiv2][query] GET https://cloudfunctions.googleapis.com/v2/projects/dumbo-3d6e7/locations/-/functions filter=environment%3D%22GEN_2%22
[debug] [2023-04-07T01:03:31.561Z] <<< [apiv2][status] GET https://cloudfunctions.googleapis.com/v2/projects/dumbo-3d6e7/locations/-/functions 200
[debug] [2023-04-07T01:03:31.561Z] <<< [apiv2][body] GET https://cloudfunctions.googleapis.com/v2/projects/dumbo-3d6e7/locations/-/functions {}
[debug] [2023-04-07T01:03:31.573Z] >>> [apiv2][query] GET https://firebase.googleapis.com/v1beta1/projects/dumbo-3d6e7 [none]
[debug] [2023-04-07T01:03:32.022Z] <<< [apiv2][status] GET https://firebase.googleapis.com/v1beta1/projects/dumbo-3d6e7 200
[debug] [2023-04-07T01:03:32.022Z] <<< [apiv2][body] GET https://firebase.googleapis.com/v1beta1/projects/dumbo-3d6e7 {"projectId":"dumbo-3d6e7","projectNumber":"439881626775","displayName":"dumbo","name":"projects/dumbo-3d6e7","resources":{"hostingSite":"dumbo-3d6e7"},"state":"ACTIVE","etag":"1_0d761aa0-8f5e-4519-bf73-13c608e346f2"}
[debug] [2023-04-07T01:03:32.024Z] >>> [apiv2][query] POST https://cloudfunctions.googleapis.com/v1/projects/dumbo-3d6e7/locations/us-central1/functions:generateUploadUrl [none]
[debug] [2023-04-07T01:03:32.024Z] >>> [apiv2][body] POST https://cloudfunctions.googleapis.com/v1/projects/dumbo-3d6e7/locations/us-central1/functions:generateUploadUrl {}
[debug] [2023-04-07T01:03:32.835Z] <<< [apiv2][status] POST https://cloudfunctions.googleapis.com/v1/projects/dumbo-3d6e7/locations/us-central1/functions:generateUploadUrl 200
[debug] [2023-04-07T01:03:32.835Z] <<< [apiv2][body] POST https://cloudfunctions.googleapis.com/v1/projects/dumbo-3d6e7/locations/us-central1/functions:generateUploadUrl {"uploadUrl":"https://storage.googleapis.com/uploads-891366007772.us-central1.cloudfunctions.appspot.com/e4eb4e00-bbae-4bd3-bf02-494aba82e4f8.zip?GoogleAccessId=service-439881626775@gcf-admin-robot.iam.gserviceaccount.com&Expires=1680831212&Signature=bv%2Flja9zkFTMwQx2sBxTxv%2F4GelcNJG2Dbp91DEM3TL%2Ff55ec0%2BP9ecbQI7rWG8Z8Q1DtJ0tbYUq1h9Y54Yn5nrcQDRQNGEsOnQVzZsxnsPcfvRajgb3J2AZfFaj4MQouGvsoyi9tXl6i67erAC%2FBdcoISvjadf0WhAFo5mhjr5AQnGvAP2IgnjdDTDmuoPPJ6ykQR23RdmE3vdEdsSpHUj8zjQmVn%2BIhPFVAvpA4AvXpTfuU4mHecR%2B37d7DfkAZo9RYkpBIHrZLXuOVd%2FVfLiF1dKRwkTyFVmVg%2FIZ9s74AoHz9iwpC57MIxAITwrA7nZsCmyPdYc0C%2FdNmDhunQ%3D%3D"}
[debug] [2023-04-07T01:03:32.837Z] >>> [apiv2][query] PUT https://storage.googleapis.com/uploads-891366007772.us-central1.cloudfunctions.appspot.com/e4eb4e00-bbae-4bd3-bf02-494aba82e4f8.zip GoogleAccessId=service-439881626775%40gcf-admin-robot.iam.gserviceaccount.com&Expires=1680831212&Signature=bv%2Flja9zkFTMwQx2sBxTxv%2F4GelcNJG2Dbp91DEM3TL%2Ff55ec0%2BP9ecbQI7rWG8Z8Q1DtJ0tbYUq1h9Y54Yn5nrcQDRQNGEsOnQVzZsxnsPcfvRajgb3J2AZfFaj4MQouGvsoyi9tXl6i67erAC%2FBdcoISvjadf0WhAFo5mhjr5AQnGvAP2IgnjdDTDmuoPPJ6ykQR23RdmE3vdEdsSpHUj8zjQmVn%2BIhPFVAvpA4AvXpTfuU4mHecR%2B37d7DfkAZo9RYkpBIHrZLXuOVd%2FVfLiF1dKRwkTyFVmVg%2FIZ9s74AoHz9iwpC57MIxAITwrA7nZsCmyPdYc0C%2FdNmDhunQ%3D%3D
[debug] [2023-04-07T01:03:32.837Z] >>> [apiv2][body] PUT https://storage.googleapis.com/uploads-891366007772.us-central1.cloudfunctions.appspot.com/e4eb4e00-bbae-4bd3-bf02-494aba82e4f8.zip [stream]
[debug] [2023-04-07T01:03:33.445Z] <<< [apiv2][status] PUT https://storage.googleapis.com/uploads-891366007772.us-central1.cloudfunctions.appspot.com/e4eb4e00-bbae-4bd3-bf02-494aba82e4f8.zip 200
[debug] [2023-04-07T01:03:33.445Z] <<< [apiv2][body] PUT https://storage.googleapis.com/uploads-891366007772.us-central1.cloudfunctions.appspot.com/e4eb4e00-bbae-4bd3-bf02-494aba82e4f8.zip [omitted]
[info] ✔  functions: functions folder uploaded successfully 
[info] i  functions: updating Node.js 16 function app(us-central1)... 
[debug] [2023-04-07T01:03:33.449Z] >>> [apiv2][query] PATCH https://cloudfunctions.googleapis.com/v1/projects/dumbo-3d6e7/locations/us-central1/functions/app updateMask=name%2CsourceUploadUrl%2CentryPoint%2Cruntime%2CdockerRegistry%2Clabels%2ChttpsTrigger.securityLevel%2CminInstances%2CmaxInstances%2CingressSettings%2CenvironmentVariables%2CserviceAccountEmail%2CavailableMemoryMb%2Ctimeout%2CvpcConnector%2CvpcConnectorEgressSettings%2CsourceToken
[debug] [2023-04-07T01:03:33.449Z] >>> [apiv2][body] PATCH https://cloudfunctions.googleapis.com/v1/projects/dumbo-3d6e7/locations/us-central1/functions/app {"name":"projects/dumbo-3d6e7/locations/us-central1/functions/app","sourceUploadUrl":"https://storage.googleapis.com/uploads-891366007772.us-central1.cloudfunctions.appspot.com/e4eb4e00-bbae-4bd3-bf02-494aba82e4f8.zip?GoogleAccessId=service-439881626775@gcf-admin-robot.iam.gserviceaccount.com&Expires=1680831212&Signature=bv%2Flja9zkFTMwQx2sBxTxv%2F4GelcNJG2Dbp91DEM3TL%2Ff55ec0%2BP9ecbQI7rWG8Z8Q1DtJ0tbYUq1h9Y54Yn5nrcQDRQNGEsOnQVzZsxnsPcfvRajgb3J2AZfFaj4MQouGvsoyi9tXl6i67erAC%2FBdcoISvjadf0WhAFo5mhjr5AQnGvAP2IgnjdDTDmuoPPJ6ykQR23RdmE3vdEdsSpHUj8zjQmVn%2BIhPFVAvpA4AvXpTfuU4mHecR%2B37d7DfkAZo9RYkpBIHrZLXuOVd%2FVfLiF1dKRwkTyFVmVg%2FIZ9s74AoHz9iwpC57MIxAITwrA7nZsCmyPdYc0C%2FdNmDhunQ%3D%3D","entryPoint":"app","runtime":"nodejs16","dockerRegistry":"ARTIFACT_REGISTRY","labels":{"deployment-tool":"cli-firebase","firebase-functions-hash":"1aa2e4c675f5e5630fa4f223cc79fc07706fbf8a"},"httpsTrigger":{"securityLevel":"SECURE_ALWAYS"},"minInstances":null,"maxInstances":null,"ingressSettings":null,"environmentVariables":{"DB_URI":"mongodb+srv://georginedkov00:NvKDMgabCvUQpfcG@bog-napred-i-az-sled-ne.nxwbt6i.mongodb.net/?retryWrites=true&w=majority","DATABASE_URL":"postgresql://postgres:QW5Mw8tDfPOqbdu3@db.dxhijnxftnmjirprrvyd.supabase.co:5432/postgres","DATABASE_PASSWORD":"QW5Mw8tDfPOqbdu3","FIREBASE_CONFIG":"{\"projectId\":\"dumbo-3d6e7\",\"storageBucket\":\"dumbo-3d6e7.appspot.com\"}","GCLOUD_PROJECT":"dumbo-3d6e7","EVENTARC_CLOUD_EVENT_SOURCE":"projects/dumbo-3d6e7/locations/us-central1/functions/app"},"serviceAccountEmail":null,"availableMemoryMb":null,"timeout":null,"vpcConnector":null,"vpcConnectorEgressSettings":null}
[debug] [2023-04-07T01:03:34.266Z] <<< [apiv2][status] PATCH https://cloudfunctions.googleapis.com/v1/projects/dumbo-3d6e7/locations/us-central1/functions/app 200
[debug] [2023-04-07T01:03:34.266Z] <<< [apiv2][body] PATCH https://cloudfunctions.googleapis.com/v1/projects/dumbo-3d6e7/locations/us-central1/functions/app {"name":"operations/ZHVtYm8tM2Q2ZTcvdXMtY2VudHJhbDEvYXBwL1FvMklwUy1YaXNr","metadata":{"@type":"type.googleapis.com/google.cloud.functions.v1.OperationMetadataV1","target":"projects/dumbo-3d6e7/locations/us-central1/functions/app","type":"UPDATE_FUNCTION","request":{"@type":"type.googleapis.com/google.cloud.functions.v1.CloudFunction","name":"projects/dumbo-3d6e7/locations/us-central1/functions/app","httpsTrigger":{"url":"https://us-central1-dumbo-3d6e7.cloudfunctions.net/app","securityLevel":"SECURE_ALWAYS"},"status":"ACTIVE","entryPoint":"app","updateTime":"2023-04-07T00:58:29.488Z","versionId":"25","labels":{"deployment-tool":"cli-firebase","firebase-functions-hash":"1aa2e4c675f5e5630fa4f223cc79fc07706fbf8a"},"sourceUploadUrl":"https://storage.googleapis.com/uploads-891366007772.us-central1.cloudfunctions.appspot.com/e4eb4e00-bbae-4bd3-bf02-494aba82e4f8.zip?GoogleAccessId=service-439881626775@gcf-admin-robot.iam.gserviceaccount.com&Expires=1680831212&Signature=bv%2Flja9zkFTMwQx2sBxTxv%2F4GelcNJG2Dbp91DEM3TL%2Ff55ec0%2BP9ecbQI7rWG8Z8Q1DtJ0tbYUq1h9Y54Yn5nrcQDRQNGEsOnQVzZsxnsPcfvRajgb3J2AZfFaj4MQouGvsoyi9tXl6i67erAC%2FBdcoISvjadf0WhAFo5mhjr5AQnGvAP2IgnjdDTDmuoPPJ6ykQR23RdmE3vdEdsSpHUj8zjQmVn%2BIhPFVAvpA4AvXpTfuU4mHecR%2B37d7DfkAZo9RYkpBIHrZLXuOVd%2FVfLiF1dKRwkTyFVmVg%2FIZ9s74AoHz9iwpC57MIxAITwrA7nZsCmyPdYc0C%2FdNmDhunQ%3D%3D","environmentVariables":{"DB_URI":"mongodb+srv://georginedkov00:NvKDMgabCvUQpfcG@bog-napred-i-az-sled-ne.nxwbt6i.mongodb.net/?retryWrites=true&w=majority","DATABASE_URL":"postgresql://postgres:QW5Mw8tDfPOqbdu3@db.dxhijnxftnmjirprrvyd.supabase.co:5432/postgres","DATABASE_PASSWORD":"QW5Mw8tDfPOqbdu3","FIREBASE_CONFIG":"{\"projectId\":\"dumbo-3d6e7\",\"storageBucket\":\"dumbo-3d6e7.appspot.com\"}","GCLOUD_PROJECT":"dumbo-3d6e7","EVENTARC_CLOUD_EVENT_SOURCE":"projects/dumbo-3d6e7/locations/us-central1/functions/app"},"runtime":"nodejs16","buildId":"8d0c9bae-b575-4e83-a240-2140ce439cfe","buildName":"projects/439881626775/locations/us-central1/builds/8d0c9bae-b575-4e83-a240-2140ce439cfe","dockerRegistry":"ARTIFACT_REGISTRY"},"versionId":"26","updateTime":"2023-04-07T01:03:34Z"}}
[debug] [2023-04-07T01:03:34.267Z] >>> [apiv2][query] GET https://cloudfunctions.googleapis.com/v1/operations/ZHVtYm8tM2Q2ZTcvdXMtY2VudHJhbDEvYXBwL1FvMklwUy1YaXNr [none]
[debug] [2023-04-07T01:03:34.631Z] <<< [apiv2][status] GET https://cloudfunctions.googleapis.com/v1/operations/ZHVtYm8tM2Q2ZTcvdXMtY2VudHJhbDEvYXBwL1FvMklwUy1YaXNr 200
[debug] [2023-04-07T01:03:34.632Z] <<< [apiv2][body] GET https://cloudfunctions.googleapis.com/v1/operations/ZHVtYm8tM2Q2ZTcvdXMtY2VudHJhbDEvYXBwL1FvMklwUy1YaXNr {"name":"operations/ZHVtYm8tM2Q2ZTcvdXMtY2VudHJhbDEvYXBwL1FvMklwUy1YaXNr","metadata":{"@type":"type.googleapis.com/google.cloud.functions.v1.OperationMetadataV1","target":"projects/dumbo-3d6e7/locations/us-central1/functions/app","type":"UPDATE_FUNCTION","request":{"@type":"type.googleapis.com/google.cloud.functions.v1.CloudFunction","name":"projects/dumbo-3d6e7/locations/us-central1/functions/app","httpsTrigger":{"url":"https://us-central1-dumbo-3d6e7.cloudfunctions.net/app","securityLevel":"SECURE_ALWAYS"},"status":"ACTIVE","entryPoint":"app","updateTime":"2023-04-07T00:58:29.488Z","versionId":"25","labels":{"deployment-tool":"cli-firebase","firebase-functions-hash":"1aa2e4c675f5e5630fa4f223cc79fc07706fbf8a"},"sourceUploadUrl":"https://storage.googleapis.com/uploads-891366007772.us-central1.cloudfunctions.appspot.com/e4eb4e00-bbae-4bd3-bf02-494aba82e4f8.zip?GoogleAccessId=service-439881626775@gcf-admin-robot.iam.gserviceaccount.com&Expires=1680831212&Signature=bv%2Flja9zkFTMwQx2sBxTxv%2F4GelcNJG2Dbp91DEM3TL%2Ff55ec0%2BP9ecbQI7rWG8Z8Q1DtJ0tbYUq1h9Y54Yn5nrcQDRQNGEsOnQVzZsxnsPcfvRajgb3J2AZfFaj4MQouGvsoyi9tXl6i67erAC%2FBdcoISvjadf0WhAFo5mhjr5AQnGvAP2IgnjdDTDmuoPPJ6ykQR23RdmE3vdEdsSpHUj8zjQmVn%2BIhPFVAvpA4AvXpTfuU4mHecR%2B37d7DfkAZo9RYkpBIHrZLXuOVd%2FVfLiF1dKRwkTyFVmVg%2FIZ9s74AoHz9iwpC57MIxAITwrA7nZsCmyPdYc0C%2FdNmDhunQ%3D%3D","environmentVariables":{"DB_URI":"mongodb+srv://georginedkov00:NvKDMgabCvUQpfcG@bog-napred-i-az-sled-ne.nxwbt6i.mongodb.net/?retryWrites=true&w=majority","DATABASE_URL":"postgresql://postgres:QW5Mw8tDfPOqbdu3@db.dxhijnxftnmjirprrvyd.supabase.co:5432/postgres","DATABASE_PASSWORD":"QW5Mw8tDfPOqbdu3","FIREBASE_CONFIG":"{\"projectId\":\"dumbo-3d6e7\",\"storageBucket\":\"dumbo-3d6e7.appspot.com\"}","GCLOUD_PROJECT":"dumbo-3d6e7","EVENTARC_CLOUD_EVENT_SOURCE":"projects/dumbo-3d6e7/locations/us-central1/functions/app"},"runtime":"nodejs16","buildId":"8d0c9bae-b575-4e83-a240-2140ce439cfe","buildName":"projects/439881626775/locations/us-central1/builds/8d0c9bae-b575-4e83-a240-2140ce439cfe","dockerRegistry":"ARTIFACT_REGISTRY"},"versionId":"26","updateTime":"2023-04-07T01:03:34Z"}}
[debug] [2023-04-07T01:03:35.134Z] [update-default-us-central1-app] Retrying task index 0
[debug] [2023-04-07T01:03:35.135Z] >>> [apiv2][query] GET https://cloudfunctions.googleapis.com/v1/operations/ZHVtYm8tM2Q2ZTcvdXMtY2VudHJhbDEvYXBwL1FvMklwUy1YaXNr [none]
[debug] [2023-04-07T01:03:35.571Z] <<< [apiv2][status] GET https://cloudfunctions.googleapis.com/v1/operations/ZHVtYm8tM2Q2ZTcvdXMtY2VudHJhbDEvYXBwL1FvMklwUy1YaXNr 200
[debug] [2023-04-07T01:03:35.571Z] <<< [apiv2][body] GET https://cloudfunctions.googleapis.com/v1/operations/ZHVtYm8tM2Q2ZTcvdXMtY2VudHJhbDEvYXBwL1FvMklwUy1YaXNr {"name":"operations/ZHVtYm8tM2Q2ZTcvdXMtY2VudHJhbDEvYXBwL1FvMklwUy1YaXNr","metadata":{"@type":"type.googleapis.com/google.cloud.functions.v1.OperationMetadataV1","target":"projects/dumbo-3d6e7/locations/us-central1/functions/app","type":"UPDATE_FUNCTION","request":{"@type":"type.googleapis.com/google.cloud.functions.v1.CloudFunction","name":"projects/dumbo-3d6e7/locations/us-central1/functions/app","httpsTrigger":{"url":"https://us-central1-dumbo-3d6e7.cloudfunctions.net/app","securityLevel":"SECURE_ALWAYS"},"status":"ACTIVE","entryPoint":"app","updateTime":"2023-04-07T00:58:29.488Z","versionId":"25","labels":{"deployment-tool":"cli-firebase","firebase-functions-hash":"1aa2e4c675f5e5630fa4f223cc79fc07706fbf8a"},"sourceUploadUrl":"https://storage.googleapis.com/uploads-891366007772.us-central1.cloudfunctions.appspot.com/e4eb4e00-bbae-4bd3-bf02-494aba82e4f8.zip?GoogleAccessId=service-439881626775@gcf-admin-robot.iam.gserviceaccount.com&Expires=1680831212&Signature=bv%2Flja9zkFTMwQx2sBxTxv%2F4GelcNJG2Dbp91DEM3TL%2Ff55ec0%2BP9ecbQI7rWG8Z8Q1DtJ0tbYUq1h9Y54Yn5nrcQDRQNGEsOnQVzZsxnsPcfvRajgb3J2AZfFaj4MQouGvsoyi9tXl6i67erAC%2FBdcoISvjadf0WhAFo5mhjr5AQnGvAP2IgnjdDTDmuoPPJ6ykQR23RdmE3vdEdsSpHUj8zjQmVn%2BIhPFVAvpA4AvXpTfuU4mHecR%2B37d7DfkAZo9RYkpBIHrZLXuOVd%2FVfLiF1dKRwkTyFVmVg%2FIZ9s74AoHz9iwpC57MIxAITwrA7nZsCmyPdYc0C%2FdNmDhunQ%3D%3D","environmentVariables":{"DB_URI":"mongodb+srv://georginedkov00:NvKDMgabCvUQpfcG@bog-napred-i-az-sled-ne.nxwbt6i.mongodb.net/?retryWrites=true&w=majority","DATABASE_URL":"postgresql://postgres:QW5Mw8tDfPOqbdu3@db.dxhijnxftnmjirprrvyd.supabase.co:5432/postgres","DATABASE_PASSWORD":"QW5Mw8tDfPOqbdu3","FIREBASE_CONFIG":"{\"projectId\":\"dumbo-3d6e7\",\"storageBucket\":\"dumbo-3d6e7.appspot.com\"}","GCLOUD_PROJECT":"dumbo-3d6e7","EVENTARC_CLOUD_EVENT_SOURCE":"projects/dumbo-3d6e7/locations/us-central1/functions/app"},"runtime":"nodejs16","buildId":"8d0c9bae-b575-4e83-a240-2140ce439cfe","buildName":"projects/439881626775/locations/us-central1/builds/8d0c9bae-b575-4e83-a240-2140ce439cfe","dockerRegistry":"ARTIFACT_REGISTRY"},"versionId":"26","updateTime":"2023-04-07T01:03:34Z","buildId":"91c24dcb-931a-4c72-993b-b89aea2281a7","buildName":"projects/439881626775/locations/us-central1/builds/91c24dcb-931a-4c72-993b-b89aea2281a7"}}
[debug] [2023-04-07T01:03:36.573Z] [update-default-us-central1-app] Retrying task index 0
[debug] [2023-04-07T01:03:36.574Z] >>> [apiv2][query] GET https://cloudfunctions.googleapis.com/v1/operations/ZHVtYm8tM2Q2ZTcvdXMtY2VudHJhbDEvYXBwL1FvMklwUy1YaXNr [none]
[debug] [2023-04-07T01:03:37.065Z] <<< [apiv2][status] GET https://cloudfunctions.googleapis.com/v1/operations/ZHVtYm8tM2Q2ZTcvdXMtY2VudHJhbDEvYXBwL1FvMklwUy1YaXNr 200
[debug] [2023-04-07T01:03:37.066Z] <<< [apiv2][body] GET https://cloudfunctions.googleapis.com/v1/operations/ZHVtYm8tM2Q2ZTcvdXMtY2VudHJhbDEvYXBwL1FvMklwUy1YaXNr {"name":"operations/ZHVtYm8tM2Q2ZTcvdXMtY2VudHJhbDEvYXBwL1FvMklwUy1YaXNr","metadata":{"@type":"type.googleapis.com/google.cloud.functions.v1.OperationMetadataV1","target":"projects/dumbo-3d6e7/locations/us-central1/functions/app","type":"UPDATE_FUNCTION","request":{"@type":"type.googleapis.com/google.cloud.functions.v1.CloudFunction","name":"projects/dumbo-3d6e7/locations/us-central1/functions/app","httpsTrigger":{"url":"https://us-central1-dumbo-3d6e7.cloudfunctions.net/app","securityLevel":"SECURE_ALWAYS"},"status":"ACTIVE","entryPoint":"app","updateTime":"2023-04-07T00:58:29.488Z","versionId":"25","labels":{"deployment-tool":"cli-firebase","firebase-functions-hash":"1aa2e4c675f5e5630fa4f223cc79fc07706fbf8a"},"sourceUploadUrl":"https://storage.googleapis.com/uploads-891366007772.us-central1.cloudfunctions.appspot.com/e4eb4e00-bbae-4bd3-bf02-494aba82e4f8.zip?GoogleAccessId=service-439881626775@gcf-admin-robot.iam.gserviceaccount.com&Expires=1680831212&Signature=bv%2Flja9zkFTMwQx2sBxTxv%2F4GelcNJG2Dbp91DEM3TL%2Ff55ec0%2BP9ecbQI7rWG8Z8Q1DtJ0tbYUq1h9Y54Yn5nrcQDRQNGEsOnQVzZsxnsPcfvRajgb3J2AZfFaj4MQouGvsoyi9tXl6i67erAC%2FBdcoISvjadf0WhAFo5mhjr5AQnGvAP2IgnjdDTDmuoPPJ6ykQR23RdmE3vdEdsSpHUj8zjQmVn%2BIhPFVAvpA4AvXpTfuU4mHecR%2B37d7DfkAZo9RYkpBIHrZLXuOVd%2FVfLiF1dKRwkTyFVmVg%2FIZ9s74AoHz9iwpC57MIxAITwrA7nZsCmyPdYc0C%2FdNmDhunQ%3D%3D","environmentVariables":{"DB_URI":"mongodb+srv://georginedkov00:NvKDMgabCvUQpfcG@bog-napred-i-az-sled-ne.nxwbt6i.mongodb.net/?retryWrites=true&w=majority","DATABASE_URL":"postgresql://postgres:QW5Mw8tDfPOqbdu3@db.dxhijnxftnmjirprrvyd.supabase.co:5432/postgres","DATABASE_PASSWORD":"QW5Mw8tDfPOqbdu3","FIREBASE_CONFIG":"{\"projectId\":\"dumbo-3d6e7\",\"storageBucket\":\"dumbo-3d6e7.appspot.com\"}","GCLOUD_PROJECT":"dumbo-3d6e7","EVENTARC_CLOUD_EVENT_SOURCE":"projects/dumbo-3d6e7/locations/us-central1/functions/app"},"runtime":"nodejs16","buildId":"8d0c9bae-b575-4e83-a240-2140ce439cfe","buildName":"projects/439881626775/locations/us-central1/builds/8d0c9bae-b575-4e83-a240-2140ce439cfe","dockerRegistry":"ARTIFACT_REGISTRY"},"versionId":"26","updateTime":"2023-04-07T01:03:34Z","buildId":"91c24dcb-931a-4c72-993b-b89aea2281a7","buildName":"projects/439881626775/locations/us-central1/builds/91c24dcb-931a-4c72-993b-b89aea2281a7"}}
[debug] [2023-04-07T01:03:39.068Z] [update-default-us-central1-app] Retrying task index 0
[debug] [2023-04-07T01:03:39.069Z] >>> [apiv2][query] GET https://cloudfunctions.googleapis.com/v1/operations/ZHVtYm8tM2Q2ZTcvdXMtY2VudHJhbDEvYXBwL1FvMklwUy1YaXNr [none]
[debug] [2023-04-07T01:03:39.698Z] <<< [apiv2][status] GET https://cloudfunctions.googleapis.com/v1/operations/ZHVtYm8tM2Q2ZTcvdXMtY2VudHJhbDEvYXBwL1FvMklwUy1YaXNr 200
[debug] [2023-04-07T01:03:39.699Z] <<< [apiv2][body] GET https://cloudfunctions.googleapis.com/v1/operations/ZHVtYm8tM2Q2ZTcvdXMtY2VudHJhbDEvYXBwL1FvMklwUy1YaXNr {"name":"operations/ZHVtYm8tM2Q2ZTcvdXMtY2VudHJhbDEvYXBwL1FvMklwUy1YaXNr","metadata":{"@type":"type.googleapis.com/google.cloud.functions.v1.OperationMetadataV1","target":"projects/dumbo-3d6e7/locations/us-central1/functions/app","type":"UPDATE_FUNCTION","request":{"@type":"type.googleapis.com/google.cloud.functions.v1.CloudFunction","name":"projects/dumbo-3d6e7/locations/us-central1/functions/app","httpsTrigger":{"url":"https://us-central1-dumbo-3d6e7.cloudfunctions.net/app","securityLevel":"SECURE_ALWAYS"},"status":"ACTIVE","entryPoint":"app","updateTime":"2023-04-07T00:58:29.488Z","versionId":"25","labels":{"deployment-tool":"cli-firebase","firebase-functions-hash":"1aa2e4c675f5e5630fa4f223cc79fc07706fbf8a"},"sourceUploadUrl":"https://storage.googleapis.com/uploads-891366007772.us-central1.cloudfunctions.appspot.com/e4eb4e00-bbae-4bd3-bf02-494aba82e4f8.zip?GoogleAccessId=service-439881626775@gcf-admin-robot.iam.gserviceaccount.com&Expires=1680831212&Signature=bv%2Flja9zkFTMwQx2sBxTxv%2F4GelcNJG2Dbp91DEM3TL%2Ff55ec0%2BP9ecbQI7rWG8Z8Q1DtJ0tbYUq1h9Y54Yn5nrcQDRQNGEsOnQVzZsxnsPcfvRajgb3J2AZfFaj4MQouGvsoyi9tXl6i67erAC%2FBdcoISvjadf0WhAFo5mhjr5AQnGvAP2IgnjdDTDmuoPPJ6ykQR23RdmE3vdEdsSpHUj8zjQmVn%2BIhPFVAvpA4AvXpTfuU4mHecR%2B37d7DfkAZo9RYkpBIHrZLXuOVd%2FVfLiF1dKRwkTyFVmVg%2FIZ9s74AoHz9iwpC57MIxAITwrA7nZsCmyPdYc0C%2FdNmDhunQ%3D%3D","environmentVariables":{"DB_URI":"mongodb+srv://georginedkov00:NvKDMgabCvUQpfcG@bog-napred-i-az-sled-ne.nxwbt6i.mongodb.net/?retryWrites=true&w=majority","DATABASE_URL":"postgresql://postgres:QW5Mw8tDfPOqbdu3@db.dxhijnxftnmjirprrvyd.supabase.co:5432/postgres","DATABASE_PASSWORD":"QW5Mw8tDfPOqbdu3","FIREBASE_CONFIG":"{\"projectId\":\"dumbo-3d6e7\",\"storageBucket\":\"dumbo-3d6e7.appspot.com\"}","GCLOUD_PROJECT":"dumbo-3d6e7","EVENTARC_CLOUD_EVENT_SOURCE":"projects/dumbo-3d6e7/locations/us-central1/functions/app"},"runtime":"nodejs16","buildId":"8d0c9bae-b575-4e83-a240-2140ce439cfe","buildName":"projects/439881626775/locations/us-central1/builds/8d0c9bae-b575-4e83-a240-2140ce439cfe","dockerRegistry":"ARTIFACT_REGISTRY"},"versionId":"26","updateTime":"2023-04-07T01:03:34Z","buildId":"91c24dcb-931a-4c72-993b-b89aea2281a7","buildName":"projects/439881626775/locations/us-central1/builds/91c24dcb-931a-4c72-993b-b89aea2281a7"}}
[debug] [2023-04-07T01:03:43.701Z] [update-default-us-central1-app] Retrying task index 0
[debug] [2023-04-07T01:03:43.702Z] >>> [apiv2][query] GET https://cloudfunctions.googleapis.com/v1/operations/ZHVtYm8tM2Q2ZTcvdXMtY2VudHJhbDEvYXBwL1FvMklwUy1YaXNr [none]
[debug] [2023-04-07T01:03:44.303Z] <<< [apiv2][status] GET https://cloudfunctions.googleapis.com/v1/operations/ZHVtYm8tM2Q2ZTcvdXMtY2VudHJhbDEvYXBwL1FvMklwUy1YaXNr 200
[debug] [2023-04-07T01:03:44.304Z] <<< [apiv2][body] GET https://cloudfunctions.googleapis.com/v1/operations/ZHVtYm8tM2Q2ZTcvdXMtY2VudHJhbDEvYXBwL1FvMklwUy1YaXNr {"name":"operations/ZHVtYm8tM2Q2ZTcvdXMtY2VudHJhbDEvYXBwL1FvMklwUy1YaXNr","metadata":{"@type":"type.googleapis.com/google.cloud.functions.v1.OperationMetadataV1","target":"projects/dumbo-3d6e7/locations/us-central1/functions/app","type":"UPDATE_FUNCTION","request":{"@type":"type.googleapis.com/google.cloud.functions.v1.CloudFunction","name":"projects/dumbo-3d6e7/locations/us-central1/functions/app","httpsTrigger":{"url":"https://us-central1-dumbo-3d6e7.cloudfunctions.net/app","securityLevel":"SECURE_ALWAYS"},"status":"ACTIVE","entryPoint":"app","updateTime":"2023-04-07T00:58:29.488Z","versionId":"25","labels":{"deployment-tool":"cli-firebase","firebase-functions-hash":"1aa2e4c675f5e5630fa4f223cc79fc07706fbf8a"},"sourceUploadUrl":"https://storage.googleapis.com/uploads-891366007772.us-central1.cloudfunctions.appspot.com/e4eb4e00-bbae-4bd3-bf02-494aba82e4f8.zip?GoogleAccessId=service-439881626775@gcf-admin-robot.iam.gserviceaccount.com&Expires=1680831212&Signature=bv%2Flja9zkFTMwQx2sBxTxv%2F4GelcNJG2Dbp91DEM3TL%2Ff55ec0%2BP9ecbQI7rWG8Z8Q1DtJ0tbYUq1h9Y54Yn5nrcQDRQNGEsOnQVzZsxnsPcfvRajgb3J2AZfFaj4MQouGvsoyi9tXl6i67erAC%2FBdcoISvjadf0WhAFo5mhjr5AQnGvAP2IgnjdDTDmuoPPJ6ykQR23RdmE3vdEdsSpHUj8zjQmVn%2BIhPFVAvpA4AvXpTfuU4mHecR%2B37d7DfkAZo9RYkpBIHrZLXuOVd%2FVfLiF1dKRwkTyFVmVg%2FIZ9s74AoHz9iwpC57MIxAITwrA7nZsCmyPdYc0C%2FdNmDhunQ%3D%3D","environmentVariables":{"DB_URI":"mongodb+srv://georginedkov00:NvKDMgabCvUQpfcG@bog-napred-i-az-sled-ne.nxwbt6i.mongodb.net/?retryWrites=true&w=majority","DATABASE_URL":"postgresql://postgres:QW5Mw8tDfPOqbdu3@db.dxhijnxftnmjirprrvyd.supabase.co:5432/postgres","DATABASE_PASSWORD":"QW5Mw8tDfPOqbdu3","FIREBASE_CONFIG":"{\"projectId\":\"dumbo-3d6e7\",\"storageBucket\":\"dumbo-3d6e7.appspot.com\"}","GCLOUD_PROJECT":"dumbo-3d6e7","EVENTARC_CLOUD_EVENT_SOURCE":"projects/dumbo-3d6e7/locations/us-central1/functions/app"},"runtime":"nodejs16","buildId":"8d0c9bae-b575-4e83-a240-2140ce439cfe","buildName":"projects/439881626775/locations/us-central1/builds/8d0c9bae-b575-4e83-a240-2140ce439cfe","dockerRegistry":"ARTIFACT_REGISTRY"},"versionId":"26","updateTime":"2023-04-07T01:03:34Z","buildId":"91c24dcb-931a-4c72-993b-b89aea2281a7","buildName":"projects/439881626775/locations/us-central1/builds/91c24dcb-931a-4c72-993b-b89aea2281a7"}}
[debug] [2023-04-07T01:03:52.308Z] [update-default-us-central1-app] Retrying task index 0
[debug] [2023-04-07T01:03:52.310Z] >>> [apiv2][query] GET https://cloudfunctions.googleapis.com/v1/operations/ZHVtYm8tM2Q2ZTcvdXMtY2VudHJhbDEvYXBwL1FvMklwUy1YaXNr [none]
[debug] [2023-04-07T01:03:52.724Z] <<< [apiv2][status] GET https://cloudfunctions.googleapis.com/v1/operations/ZHVtYm8tM2Q2ZTcvdXMtY2VudHJhbDEvYXBwL1FvMklwUy1YaXNr 200
[debug] [2023-04-07T01:03:52.724Z] <<< [apiv2][body] GET https://cloudfunctions.googleapis.com/v1/operations/ZHVtYm8tM2Q2ZTcvdXMtY2VudHJhbDEvYXBwL1FvMklwUy1YaXNr {"name":"operations/ZHVtYm8tM2Q2ZTcvdXMtY2VudHJhbDEvYXBwL1FvMklwUy1YaXNr","metadata":{"@type":"type.googleapis.com/google.cloud.functions.v1.OperationMetadataV1","target":"projects/dumbo-3d6e7/locations/us-central1/functions/app","type":"UPDATE_FUNCTION","request":{"@type":"type.googleapis.com/google.cloud.functions.v1.CloudFunction","name":"projects/dumbo-3d6e7/locations/us-central1/functions/app","httpsTrigger":{"url":"https://us-central1-dumbo-3d6e7.cloudfunctions.net/app","securityLevel":"SECURE_ALWAYS"},"status":"ACTIVE","entryPoint":"app","updateTime":"2023-04-07T00:58:29.488Z","versionId":"25","labels":{"deployment-tool":"cli-firebase","firebase-functions-hash":"1aa2e4c675f5e5630fa4f223cc79fc07706fbf8a"},"sourceUploadUrl":"https://storage.googleapis.com/uploads-891366007772.us-central1.cloudfunctions.appspot.com/e4eb4e00-bbae-4bd3-bf02-494aba82e4f8.zip?GoogleAccessId=service-439881626775@gcf-admin-robot.iam.gserviceaccount.com&Expires=1680831212&Signature=bv%2Flja9zkFTMwQx2sBxTxv%2F4GelcNJG2Dbp91DEM3TL%2Ff55ec0%2BP9ecbQI7rWG8Z8Q1DtJ0tbYUq1h9Y54Yn5nrcQDRQNGEsOnQVzZsxnsPcfvRajgb3J2AZfFaj4MQouGvsoyi9tXl6i67erAC%2FBdcoISvjadf0WhAFo5mhjr5AQnGvAP2IgnjdDTDmuoPPJ6ykQR23RdmE3vdEdsSpHUj8zjQmVn%2BIhPFVAvpA4AvXpTfuU4mHecR%2B37d7DfkAZo9RYkpBIHrZLXuOVd%2FVfLiF1dKRwkTyFVmVg%2FIZ9s74AoHz9iwpC57MIxAITwrA7nZsCmyPdYc0C%2FdNmDhunQ%3D%3D","environmentVariables":{"DB_URI":"mongodb+srv://georginedkov00:NvKDMgabCvUQpfcG@bog-napred-i-az-sled-ne.nxwbt6i.mongodb.net/?retryWrites=true&w=majority","DATABASE_URL":"postgresql://postgres:QW5Mw8tDfPOqbdu3@db.dxhijnxftnmjirprrvyd.supabase.co:5432/postgres","DATABASE_PASSWORD":"QW5Mw8tDfPOqbdu3","FIREBASE_CONFIG":"{\"projectId\":\"dumbo-3d6e7\",\"storageBucket\":\"dumbo-3d6e7.appspot.com\"}","GCLOUD_PROJECT":"dumbo-3d6e7","EVENTARC_CLOUD_EVENT_SOURCE":"projects/dumbo-3d6e7/locations/us-central1/functions/app"},"runtime":"nodejs16","buildId":"8d0c9bae-b575-4e83-a240-2140ce439cfe","buildName":"projects/439881626775/locations/us-central1/builds/8d0c9bae-b575-4e83-a240-2140ce439cfe","dockerRegistry":"ARTIFACT_REGISTRY"},"versionId":"26","updateTime":"2023-04-07T01:03:34Z","buildId":"91c24dcb-931a-4c72-993b-b89aea2281a7","buildName":"projects/439881626775/locations/us-central1/builds/91c24dcb-931a-4c72-993b-b89aea2281a7"}}
[debug] [2023-04-07T01:04:02.727Z] [update-default-us-central1-app] Retrying task index 0
[debug] [2023-04-07T01:04:02.728Z] >>> [apiv2][query] GET https://cloudfunctions.googleapis.com/v1/operations/ZHVtYm8tM2Q2ZTcvdXMtY2VudHJhbDEvYXBwL1FvMklwUy1YaXNr [none]
[debug] [2023-04-07T01:04:03.084Z] <<< [apiv2][status] GET https://cloudfunctions.googleapis.com/v1/operations/ZHVtYm8tM2Q2ZTcvdXMtY2VudHJhbDEvYXBwL1FvMklwUy1YaXNr 200
[debug] [2023-04-07T01:04:03.085Z] <<< [apiv2][body] GET https://cloudfunctions.googleapis.com/v1/operations/ZHVtYm8tM2Q2ZTcvdXMtY2VudHJhbDEvYXBwL1FvMklwUy1YaXNr {"name":"operations/ZHVtYm8tM2Q2ZTcvdXMtY2VudHJhbDEvYXBwL1FvMklwUy1YaXNr","metadata":{"@type":"type.googleapis.com/google.cloud.functions.v1.OperationMetadataV1","target":"projects/dumbo-3d6e7/locations/us-central1/functions/app","type":"UPDATE_FUNCTION","request":{"@type":"type.googleapis.com/google.cloud.functions.v1.CloudFunction","name":"projects/dumbo-3d6e7/locations/us-central1/functions/app","httpsTrigger":{"url":"https://us-central1-dumbo-3d6e7.cloudfunctions.net/app","securityLevel":"SECURE_ALWAYS"},"status":"ACTIVE","entryPoint":"app","updateTime":"2023-04-07T00:58:29.488Z","versionId":"25","labels":{"deployment-tool":"cli-firebase","firebase-functions-hash":"1aa2e4c675f5e5630fa4f223cc79fc07706fbf8a"},"sourceUploadUrl":"https://storage.googleapis.com/uploads-891366007772.us-central1.cloudfunctions.appspot.com/e4eb4e00-bbae-4bd3-bf02-494aba82e4f8.zip?GoogleAccessId=service-439881626775@gcf-admin-robot.iam.gserviceaccount.com&Expires=1680831212&Signature=bv%2Flja9zkFTMwQx2sBxTxv%2F4GelcNJG2Dbp91DEM3TL%2Ff55ec0%2BP9ecbQI7rWG8Z8Q1DtJ0tbYUq1h9Y54Yn5nrcQDRQNGEsOnQVzZsxnsPcfvRajgb3J2AZfFaj4MQouGvsoyi9tXl6i67erAC%2FBdcoISvjadf0WhAFo5mhjr5AQnGvAP2IgnjdDTDmuoPPJ6ykQR23RdmE3vdEdsSpHUj8zjQmVn%2BIhPFVAvpA4AvXpTfuU4mHecR%2B37d7DfkAZo9RYkpBIHrZLXuOVd%2FVfLiF1dKRwkTyFVmVg%2FIZ9s74AoHz9iwpC57MIxAITwrA7nZsCmyPdYc0C%2FdNmDhunQ%3D%3D","environmentVariables":{"DB_URI":"mongodb+srv://georginedkov00:NvKDMgabCvUQpfcG@bog-napred-i-az-sled-ne.nxwbt6i.mongodb.net/?retryWrites=true&w=majority","DATABASE_URL":"postgresql://postgres:QW5Mw8tDfPOqbdu3@db.dxhijnxftnmjirprrvyd.supabase.co:5432/postgres","DATABASE_PASSWORD":"QW5Mw8tDfPOqbdu3","FIREBASE_CONFIG":"{\"projectId\":\"dumbo-3d6e7\",\"storageBucket\":\"dumbo-3d6e7.appspot.com\"}","GCLOUD_PROJECT":"dumbo-3d6e7","EVENTARC_CLOUD_EVENT_SOURCE":"projects/dumbo-3d6e7/locations/us-central1/functions/app"},"runtime":"nodejs16","buildId":"8d0c9bae-b575-4e83-a240-2140ce439cfe","buildName":"projects/439881626775/locations/us-central1/builds/8d0c9bae-b575-4e83-a240-2140ce439cfe","dockerRegistry":"ARTIFACT_REGISTRY"},"versionId":"26","updateTime":"2023-04-07T01:03:34Z","buildId":"91c24dcb-931a-4c72-993b-b89aea2281a7","buildName":"projects/439881626775/locations/us-central1/builds/91c24dcb-931a-4c72-993b-b89aea2281a7"}}
[debug] [2023-04-07T01:04:13.086Z] [update-default-us-central1-app] Retrying task index 0
[debug] [2023-04-07T01:04:13.087Z] >>> [apiv2][query] GET https://cloudfunctions.googleapis.com/v1/operations/ZHVtYm8tM2Q2ZTcvdXMtY2VudHJhbDEvYXBwL1FvMklwUy1YaXNr [none]
[debug] [2023-04-07T01:04:13.583Z] <<< [apiv2][status] GET https://cloudfunctions.googleapis.com/v1/operations/ZHVtYm8tM2Q2ZTcvdXMtY2VudHJhbDEvYXBwL1FvMklwUy1YaXNr 200
[debug] [2023-04-07T01:04:13.584Z] <<< [apiv2][body] GET https://cloudfunctions.googleapis.com/v1/operations/ZHVtYm8tM2Q2ZTcvdXMtY2VudHJhbDEvYXBwL1FvMklwUy1YaXNr {"name":"operations/ZHVtYm8tM2Q2ZTcvdXMtY2VudHJhbDEvYXBwL1FvMklwUy1YaXNr","metadata":{"@type":"type.googleapis.com/google.cloud.functions.v1.OperationMetadataV1","target":"projects/dumbo-3d6e7/locations/us-central1/functions/app","type":"UPDATE_FUNCTION","request":{"@type":"type.googleapis.com/google.cloud.functions.v1.CloudFunction","name":"projects/dumbo-3d6e7/locations/us-central1/functions/app","httpsTrigger":{"url":"https://us-central1-dumbo-3d6e7.cloudfunctions.net/app","securityLevel":"SECURE_ALWAYS"},"status":"ACTIVE","entryPoint":"app","updateTime":"2023-04-07T00:58:29.488Z","versionId":"25","labels":{"deployment-tool":"cli-firebase","firebase-functions-hash":"1aa2e4c675f5e5630fa4f223cc79fc07706fbf8a"},"sourceUploadUrl":"https://storage.googleapis.com/uploads-891366007772.us-central1.cloudfunctions.appspot.com/e4eb4e00-bbae-4bd3-bf02-494aba82e4f8.zip?GoogleAccessId=service-439881626775@gcf-admin-robot.iam.gserviceaccount.com&Expires=1680831212&Signature=bv%2Flja9zkFTMwQx2sBxTxv%2F4GelcNJG2Dbp91DEM3TL%2Ff55ec0%2BP9ecbQI7rWG8Z8Q1DtJ0tbYUq1h9Y54Yn5nrcQDRQNGEsOnQVzZsxnsPcfvRajgb3J2AZfFaj4MQouGvsoyi9tXl6i67erAC%2FBdcoISvjadf0WhAFo5mhjr5AQnGvAP2IgnjdDTDmuoPPJ6ykQR23RdmE3vdEdsSpHUj8zjQmVn%2BIhPFVAvpA4AvXpTfuU4mHecR%2B37d7DfkAZo9RYkpBIHrZLXuOVd%2FVfLiF1dKRwkTyFVmVg%2FIZ9s74AoHz9iwpC57MIxAITwrA7nZsCmyPdYc0C%2FdNmDhunQ%3D%3D","environmentVariables":{"DB_URI":"mongodb+srv://georginedkov00:NvKDMgabCvUQpfcG@bog-napred-i-az-sled-ne.nxwbt6i.mongodb.net/?retryWrites=true&w=majority","DATABASE_URL":"postgresql://postgres:QW5Mw8tDfPOqbdu3@db.dxhijnxftnmjirprrvyd.supabase.co:5432/postgres","DATABASE_PASSWORD":"QW5Mw8tDfPOqbdu3","FIREBASE_CONFIG":"{\"projectId\":\"dumbo-3d6e7\",\"storageBucket\":\"dumbo-3d6e7.appspot.com\"}","GCLOUD_PROJECT":"dumbo-3d6e7","EVENTARC_CLOUD_EVENT_SOURCE":"projects/dumbo-3d6e7/locations/us-central1/functions/app"},"runtime":"nodejs16","buildId":"8d0c9bae-b575-4e83-a240-2140ce439cfe","buildName":"projects/439881626775/locations/us-central1/builds/8d0c9bae-b575-4e83-a240-2140ce439cfe","dockerRegistry":"ARTIFACT_REGISTRY"},"versionId":"26","updateTime":"2023-04-07T01:03:34Z","buildId":"91c24dcb-931a-4c72-993b-b89aea2281a7","buildName":"projects/439881626775/locations/us-central1/builds/91c24dcb-931a-4c72-993b-b89aea2281a7"}}
[debug] [2023-04-07T01:04:23.586Z] [update-default-us-central1-app] Retrying task index 0
[debug] [2023-04-07T01:04:23.586Z] >>> [apiv2][query] GET https://cloudfunctions.googleapis.com/v1/operations/ZHVtYm8tM2Q2ZTcvdXMtY2VudHJhbDEvYXBwL1FvMklwUy1YaXNr [none]
[debug] [2023-04-07T01:04:23.965Z] <<< [apiv2][status] GET https://cloudfunctions.googleapis.com/v1/operations/ZHVtYm8tM2Q2ZTcvdXMtY2VudHJhbDEvYXBwL1FvMklwUy1YaXNr 200
[debug] [2023-04-07T01:04:23.965Z] <<< [apiv2][body] GET https://cloudfunctions.googleapis.com/v1/operations/ZHVtYm8tM2Q2ZTcvdXMtY2VudHJhbDEvYXBwL1FvMklwUy1YaXNr {"name":"operations/ZHVtYm8tM2Q2ZTcvdXMtY2VudHJhbDEvYXBwL1FvMklwUy1YaXNr","metadata":{"@type":"type.googleapis.com/google.cloud.functions.v1.OperationMetadataV1","target":"projects/dumbo-3d6e7/locations/us-central1/functions/app","type":"UPDATE_FUNCTION","request":{"@type":"type.googleapis.com/google.cloud.functions.v1.CloudFunction","name":"projects/dumbo-3d6e7/locations/us-central1/functions/app","httpsTrigger":{"url":"https://us-central1-dumbo-3d6e7.cloudfunctions.net/app","securityLevel":"SECURE_ALWAYS"},"status":"ACTIVE","entryPoint":"app","updateTime":"2023-04-07T00:58:29.488Z","versionId":"25","labels":{"deployment-tool":"cli-firebase","firebase-functions-hash":"1aa2e4c675f5e5630fa4f223cc79fc07706fbf8a"},"sourceUploadUrl":"https://storage.googleapis.com/uploads-891366007772.us-central1.cloudfunctions.appspot.com/e4eb4e00-bbae-4bd3-bf02-494aba82e4f8.zip?GoogleAccessId=service-439881626775@gcf-admin-robot.iam.gserviceaccount.com&Expires=1680831212&Signature=bv%2Flja9zkFTMwQx2sBxTxv%2F4GelcNJG2Dbp91DEM3TL%2Ff55ec0%2BP9ecbQI7rWG8Z8Q1DtJ0tbYUq1h9Y54Yn5nrcQDRQNGEsOnQVzZsxnsPcfvRajgb3J2AZfFaj4MQouGvsoyi9tXl6i67erAC%2FBdcoISvjadf0WhAFo5mhjr5AQnGvAP2IgnjdDTDmuoPPJ6ykQR23RdmE3vdEdsSpHUj8zjQmVn%2BIhPFVAvpA4AvXpTfuU4mHecR%2B37d7DfkAZo9RYkpBIHrZLXuOVd%2FVfLiF1dKRwkTyFVmVg%2FIZ9s74AoHz9iwpC57MIxAITwrA7nZsCmyPdYc0C%2FdNmDhunQ%3D%3D","environmentVariables":{"DB_URI":"mongodb+srv://georginedkov00:NvKDMgabCvUQpfcG@bog-napred-i-az-sled-ne.nxwbt6i.mongodb.net/?retryWrites=true&w=majority","DATABASE_URL":"postgresql://postgres:QW5Mw8tDfPOqbdu3@db.dxhijnxftnmjirprrvyd.supabase.co:5432/postgres","DATABASE_PASSWORD":"QW5Mw8tDfPOqbdu3","FIREBASE_CONFIG":"{\"projectId\":\"dumbo-3d6e7\",\"storageBucket\":\"dumbo-3d6e7.appspot.com\"}","GCLOUD_PROJECT":"dumbo-3d6e7","EVENTARC_CLOUD_EVENT_SOURCE":"projects/dumbo-3d6e7/locations/us-central1/functions/app"},"runtime":"nodejs16","buildId":"8d0c9bae-b575-4e83-a240-2140ce439cfe","buildName":"projects/439881626775/locations/us-central1/builds/8d0c9bae-b575-4e83-a240-2140ce439cfe","dockerRegistry":"ARTIFACT_REGISTRY"},"versionId":"26","updateTime":"2023-04-07T01:03:34Z","buildId":"91c24dcb-931a-4c72-993b-b89aea2281a7","buildName":"projects/439881626775/locations/us-central1/builds/91c24dcb-931a-4c72-993b-b89aea2281a7"}}
[debug] [2023-04-07T01:04:33.967Z] [update-default-us-central1-app] Retrying task index 0
[debug] [2023-04-07T01:04:33.967Z] >>> [apiv2][query] GET https://cloudfunctions.googleapis.com/v1/operations/ZHVtYm8tM2Q2ZTcvdXMtY2VudHJhbDEvYXBwL1FvMklwUy1YaXNr [none]
[debug] [2023-04-07T01:04:34.884Z] <<< [apiv2][status] GET https://cloudfunctions.googleapis.com/v1/operations/ZHVtYm8tM2Q2ZTcvdXMtY2VudHJhbDEvYXBwL1FvMklwUy1YaXNr 200
[debug] [2023-04-07T01:04:34.884Z] <<< [apiv2][body] GET https://cloudfunctions.googleapis.com/v1/operations/ZHVtYm8tM2Q2ZTcvdXMtY2VudHJhbDEvYXBwL1FvMklwUy1YaXNr {"name":"operations/ZHVtYm8tM2Q2ZTcvdXMtY2VudHJhbDEvYXBwL1FvMklwUy1YaXNr","metadata":{"@type":"type.googleapis.com/google.cloud.functions.v1.OperationMetadataV1","target":"projects/dumbo-3d6e7/locations/us-central1/functions/app","type":"UPDATE_FUNCTION","request":{"@type":"type.googleapis.com/google.cloud.functions.v1.CloudFunction","name":"projects/dumbo-3d6e7/locations/us-central1/functions/app","httpsTrigger":{"url":"https://us-central1-dumbo-3d6e7.cloudfunctions.net/app","securityLevel":"SECURE_ALWAYS"},"status":"ACTIVE","entryPoint":"app","updateTime":"2023-04-07T00:58:29.488Z","versionId":"25","labels":{"deployment-tool":"cli-firebase","firebase-functions-hash":"1aa2e4c675f5e5630fa4f223cc79fc07706fbf8a"},"sourceUploadUrl":"https://storage.googleapis.com/uploads-891366007772.us-central1.cloudfunctions.appspot.com/e4eb4e00-bbae-4bd3-bf02-494aba82e4f8.zip?GoogleAccessId=service-439881626775@gcf-admin-robot.iam.gserviceaccount.com&Expires=1680831212&Signature=bv%2Flja9zkFTMwQx2sBxTxv%2F4GelcNJG2Dbp91DEM3TL%2Ff55ec0%2BP9ecbQI7rWG8Z8Q1DtJ0tbYUq1h9Y54Yn5nrcQDRQNGEsOnQVzZsxnsPcfvRajgb3J2AZfFaj4MQouGvsoyi9tXl6i67erAC%2FBdcoISvjadf0WhAFo5mhjr5AQnGvAP2IgnjdDTDmuoPPJ6ykQR23RdmE3vdEdsSpHUj8zjQmVn%2BIhPFVAvpA4AvXpTfuU4mHecR%2B37d7DfkAZo9RYkpBIHrZLXuOVd%2FVfLiF1dKRwkTyFVmVg%2FIZ9s74AoHz9iwpC57MIxAITwrA7nZsCmyPdYc0C%2FdNmDhunQ%3D%3D","environmentVariables":{"DB_URI":"mongodb+srv://georginedkov00:NvKDMgabCvUQpfcG@bog-napred-i-az-sled-ne.nxwbt6i.mongodb.net/?retryWrites=true&w=majority","DATABASE_URL":"postgresql://postgres:QW5Mw8tDfPOqbdu3@db.dxhijnxftnmjirprrvyd.supabase.co:5432/postgres","DATABASE_PASSWORD":"QW5Mw8tDfPOqbdu3","FIREBASE_CONFIG":"{\"projectId\":\"dumbo-3d6e7\",\"storageBucket\":\"dumbo-3d6e7.appspot.com\"}","GCLOUD_PROJECT":"dumbo-3d6e7","EVENTARC_CLOUD_EVENT_SOURCE":"projects/dumbo-3d6e7/locations/us-central1/functions/app"},"runtime":"nodejs16","buildId":"8d0c9bae-b575-4e83-a240-2140ce439cfe","buildName":"projects/439881626775/locations/us-central1/builds/8d0c9bae-b575-4e83-a240-2140ce439cfe","dockerRegistry":"ARTIFACT_REGISTRY"},"versionId":"26","updateTime":"2023-04-07T01:03:34Z","buildId":"91c24dcb-931a-4c72-993b-b89aea2281a7","buildName":"projects/439881626775/locations/us-central1/builds/91c24dcb-931a-4c72-993b-b89aea2281a7"}}
